0019FA29666E3D4EB81C4FDF82DB23D01BDCFF4BCA716AE4404552DE99D8F1E9
009F53024754A92F71593BBBA0EEC61014AD79A88ECF4BF62AF7153B02F2C2E3
011FC53BAF0C691DE2F5A3BFBBD0D324CFCAC7779F8F15F65878F92BDD292A94
012D3581AFF3D88CAEA131FFF57279B945282891A3AA63527EA0280536C48CD9
016C8AE4D9851EA49C7952EEADF9F23B41916C01592EF260455C7E64607381DC
01A717EF259243A9556B52816A33041C9B84069B7BCEEC0F8E1D7B105B12D97E
02289BF8A3C0624805B942AE4D31C3F71DBD956CDB6229AA87A986D676AA9735
02AF68BDF41A8D052E3F01663C1365B8AB97AB1D6EDDF882F1D3686DADE6BB44
03436669136DC660FCE1D51FB69741B5027DB26DC94D44F8D894267FF5FACB2C
0383B501EB215C4B51AAB43865A8C046AFE2B15BA8961948E82E2006B4C80E6D
03F3D9F3A95914BD9C117ED426842828B4A39E54D2FC2CB362C2317C9FC141EB
047852143B02BEF89D64C5CDECCAF8C29609DCD83AFBB3581F242B4F3E5026F3
04C696CA06356C7AFDCF661D94D1D4A9DD312A3F72BD6A022A3EFFE3E9A518AE
04E25A925EBDF4066155C13006DC0444E51140FAD7E0677A9E60DD1979CFCBF1
052AFA57C3E44BDF39E540872E764207CDB4ECE05975766F6761BA2C31B69F6C
0556B2B90930D86ACA22C620A54398BC4997F44B26F0128FE7371FF308742C9C
05683B8398F90F85E2431FE00B7B99EA2F049A7D859E7BAB26FACD3A7DAE65F4
0581CE6D608919DE7A739457D81AA5543D0420828580604A55BD22D6ED9A4F85
059B5101F55A1D2D71834765DBA1F501D3B610E83902849511212361352097C7
062EA62BD155E9FCF22AADF8786CA539E1AE51EC4AAD54AC7A6B6B7E4DADBF30
0644688F16A9AF957BDDF95D71C5F68722B0EBB9149B47A6706D84CDC459C2CE
064F386D59F0CE13456428B2624AD67F1AACFF98A72B69EC04FE8EBB732ADB8E
06BD470CA3904D9126B65B5F44AA5654F82CB8DCD459BFF36B88ED97A4B35E6D
06E8A86D9B05169791465DD84182A28CADD409FE0EAD043411BE9CC29F8875D3
07721707562620544F12A7047756032129B7CE5031E1D3AE2E61A4660D9F3C75
078F7530679D1C48ED195E3B9679F6CA232F371A6392C300E56CCD5CEA97145A
07A086E6292256B7094344EFFF4446CC0FB044E365FC7513758B0545F184F7F7
0881993488365AD4ACEF94924A17F8E6652FA5A608B4B59A2CED99DF5E9F1C26
08ACDF36C6BD002CDAE2BDF0BFFCE48086E39259BA969060DE6B4515CA9765E9
0942CAE7129C76D521FA53750BAFF52DF38C1E8926778127C319CDE0E696EF32
09509DE54153392FC539B67E19340D419594A7FB8351DF1A17B506A78702C6BB
0954EF92C1566EE62AD4E3E577F8DB47D7D580A1AB22E47FE47459E890BF1492
09E386DEF7C5099DB33BA3AF44C5BBEE69003956DDD53EC259B72B6E98AA0FF5
0A1A5DB42BD4972BBCECE984B011E325A592382B94BB5C9BACF3746F7D91147D
0AC0C66172E4090C2E426019996E2D85960E926E178E5CF3A18FB944100CF363
0ADF7F60BFF63AB5EA96657F0A0323BEB802D22CEA60B511FF954E170691BE1B
0B93626D6378FE77B3E04EF03CA092E5C584688ACFA7C84E17154986E0E8ED74
0BC2089F9D0C93FBBCEAE691A53122FD449392E747983961A1E707840FBA078A
0BC46C0DFC93883F0461558E73DC591F2354EAE8515DD6C6690043FDDD554DEA
0BEFFC96EE976B442D1DABA6F534D3D6BE5C5167545E96FB36783039FF07E671
0C5A48BA37B689A1C37866707FBFB31C9B45004DD2C0B0B1905544A9BEE9D89D
0C5B859BD31877FE1D810792A6CF848571863A5381C110D1606A91D8595D3BC3
0D1ABD5B23864635A165995AD26698B9DAE794A62FAF2EF6CC165CC3EE7837AB
0D684246A4C3541E32C02F28144B9CF8D7CE974D465DC7D957A47F42F460F2A1
0DB96A970A7E62D33AD566304477305EB5463CA7795BB03EB81C3412FD48BEDD
0DE69BAA6F4CC5168D4D158D8A8E1F9F28CE078207E30E9AB916EBBC8A7D7640
0DF5C603FF76DB75485F1AD9ADFFD2D4C7B89416E298990A18CE241447729131
0E7F9D311E890A7059DE1367A1BCF75F124531373A7C5C2A19A9743F1463F54F
0E813005F0A90F09686F447613661ACE0C5958C7170D77F21D7EFAA9DE1752D5
0E9A3159B4CE0F9C70F124DA7D8273D52AA1879F2BF512898DFE3466C02C1906
0ED421705DBC27EF4998C7CE04C5AED16CBF6B3F88559B92F8C8CC4CAA2E960A
0F142A035F5C129FA75413DF0E476A447D4F9CFA52774A16B380C8110072F817
0F3B3398D4CCBAA5FF3886AD3871C0C96C5F3A4F8AE2075954895A57AE323580
0FACF05C9A3BA09E750EFB74C4006C5CB70B85348CB7616F2C8AE1DA18125BDB
0FBE7E27F0F4A4FDEFC3E7AE21C7E53306F0FA5B90EF75DEFD6EBB2DD2F6939A
0FF86D4F4E979C167D1B2D78E48F64B157BE466D09EC0D3B4694C1FC4C4E7AA7
1045E4EE50062D6E8979B8B0E18CD1B8C6B76E231A7F52A6AD41EE3FC41F0021
107C87613F00BCB67C25B7C6FFCADDF26981B3BDA5DE64CCB62639253D3232CE
10C691161E49746C140A6F93F2BC253F2FE8503C7E7E5BF9F167E66316020ED7
1186EC8E1A5904D595AEE46FBB138D9CEB546ADD7BE6A2C09F7E2082CE7F9582
11906DBB5DD1E1A24FC5CF9AAB69DC9433FBC74E92A1B30096299D1762D77BE0
11ABF2B9D873299784E6ED8AB8E1ACBB78ACEFD7155FC86D7180D40A96B9A59D
120EBFBF60B97797C3E313830A16AF9B3D001C568A33925F7091F2C32AB4442B
12C842418E6801F52300F14A4B95500EA52F020D7D3F5B25B49B80FBEEA9F18E
12CC06CF73253B73C0BC04F71C217E3CA3FFE0DA8AC817190D56A8BEDF9D87FD
12CD4F82D71507C02DB5DA92D14C5D4DAFBE0B1CB7ED3D0FE48CCEF0849864E2
12DEC651EA8EF5A81400BEDE8E573F2E2159EC75CC9A307FDD297A4F38EEF4D7
130243060C2212316E09865B6B31610B2906625EBF12043326C462B0813B9D13
132BF87076584C4CFE5899F2DA4A173025A38124D4E61AC2F5B9C8BFA19EC6AB
132DA5820C0D5EAB3236F43D9EEC958AD1E0E2433F20BED55EE9F6A0DE521C0B
13D65989CF7F5DF6153598A92D6D27DFA791BD0BD8BE7DF176C9383880D78697
145E99451310272A8B654BB97CDFB0E37B3060F816276095A7E1C2143308BEF5
15123E49D87AD1E1FAEE64510FC6516B9022A6A42DD56F3DA18858DA9A913982
15B2FF8768CA9098BABC18444F5F2A8438810E79DDE6E85168D1E78E79F42FEB
16F3E9E7A9C3641ABFCC7BD290EF72B0E81818D66BC6C7E65A48D1A51186414E
173B43A4924AB6C39178F3C00A12B9758F6C1B2A303D9777F0FFCBF465378226
17AA51ABF755854B5567A7A90401EB87E3EA8E46A339C0184BF23013A1ADA31A
17B79930CEF06E18AF91495A3E2CD5E44B9CE671CAE6303C0F4AA5C8F39A6110
1822D0F2B39865F9FEDCF511CD24F57E71EF2E1A2E986932C50B3F1C8DED2BF3
1864763BCD91A74DB2ACDE0B816043E4319FDCDE6C422DC629006014CAE309CE
18D75601F1E6C984356ED2203D129F59874B92437CFC091497E2256C1EB4EFD2
18DD688D9A672ECB357A955FC59783D88BD258BF277B2096DFEFDDF2262E717E
19035C4EBFA0A33EFD46BB3FEBE1BFC2206621E3A5D0B172FF85D40A084B0991
191EBE9966EB57342A5CCD129D96BCF80CCBD7EDBF961722E04D1A77DAA79E4E
19CA38D942A20D1DFA7CBBF03054C2207CA3ABD6C002ED22960DA1FB6508AE2D
19E8847A93C3CD285C871F35BFD9AB6EAEBCBB80FCD171DF6EF48D882120E458
1A206FDBB6350EA00BE9A8591A2A68C21E1E0DD3BB49695AE3C4609AD3498B9D
1A5A23AA8D1310BD16F4C96D8BFAA56651E4CBF33DB6F1C65C29F81EF5DA6BD5
1A943E2CC15D074C000F20B6EED5EC6839EC9A67103FDCC03BFFA31BC78CC73A
1AAAE06276508F710C35D6D04B6680633A25F5D5E956E20E3578220AC3E66C4B
1ACE43AA67414D122AEDA34A7A734928953CFAFACAB5F6EAB83F6F5D39725CC4
1AD7328F96BD4E1E506B4BE59D0975A647D426B0DFDBC2140F9151CB2A5DA8A9
1B073B08AB1B1E5307D5741232F9AF90144887EA96506775CD8AB2C6E7613638
1B0C2279F6CC86E337434087FBE12BBA6B4ABCBA46F282D4CB565A593D204CAF
1B80466813155EFA1A0358A945DE1951CC15D478AFBAABA77751FD28BBB40EE2
1C4BC5A4F03A30E43A081A698A480CFBF66E24CA87B7E6F029ED19CE5813A041
1C50C5222AA057381D5B350321D697BDF16F9AF858CEF16204923567412A32B6
1C592FF3FC5934232F20F6BE00F2F41367EA93E3C4DA0BACE75D84454A9217DE
1C9C59453DCFE6F1DB7212B657E9702FFEAF9AD9D8AE3B965A0963F25E0C84A0
1CF421A5543DE43D8E1CADA78FA193209D0E1D461B7EEBD72957E89EABB2C547
1CF4B59569B745C5CFFC0B26662238C6CB880CDB78309BF483A8015FD213BA29
1CF7836074535C5969EA5ED21FFD5F28BC9EA5AA990825C5A3F0BB1E1ADAB97B
1D0CD1E7090E104D4B06383205E238D1251E0BF0130DE405A6D14DE8DF6F92D5
1D1094028D6D533F7F7F3E5F9D8B094EAE1935573DE51BD6A96B5EBAFCD4244A
1D13AA19836612844298C77A59E3B7397FBC6AD532640861DC1D156CF5F89EAF
1D29F98D5645B53B484685AEFC850DE06E7667AB9EE0E20122142D47A3B5DE5F
1D33DAAC72B406757BD6A0ED9219E14E1345A2255592CBCC01460AE224C14C25
1DB36FBD53691E1E127EB177D8798C4DA21ADEFA0E8F5B06779067CFD429D150
1DB5690C42BCD6F40DA46BD90C072AC39551DDE29BF88FBCDCBE373130CC8600
1E5DDE59F4DCA20B6416B0544B42DAD9F47A7B672775A344EE61AC3757871B88
1E7EABA669CECB933E3B776BBCE1EB75C2BD2EF16C4B05AFA9A85F6027D10943
1EB4B42796CEA815D621588A74E8A3FF1496FEE15562F5C9398B4749CD2882B0
1EE050CEB4147457FAF17DF157DEDE62C3F5C240B219D8973B68D9156358B640
1EE3067E6FCBD512D980330A89F2B2860CDF5386FA855CBBC6BC3835D34817B3
1F3B4A309A9D5E7EC5A7B0394F9177F430B2D3CEDE69A0E95F2C0CFA96E1EC2B
1F57C4DF7B09DEEB7ACAD2C8FBC346DC3FBCE10A7DC50A2ACF7DF5F9305F9563
1FA53A7997C653D7EEEEE1EAE661D39500EB0283DF805A3EFD5326CE1349ACCC
1FA6F4D200367E25C6AFCC62B75EF425EE85A8336C7C7D4B0C4D6F9BBAB8CB65
1FC3D44B1F0F53E5C29F9BE879DA41732775781C1A10F4CD3D92D882A73F94A1
203B99FF5EA07DC5650E87293BEDFD9D28763247F49066377B8DBAF4D0139398
208BE5A0F5559423AF95B754C7465F70F63755E37C4014D143FABF5FE7D3082D
20945679041850FE17A85F1C3346B9C44FFAFF107F4CFDF905AFFFB4EA0BF4CE
21572A3E164C6E060A33C73412644D4D5DA41740894407DAF317671ED26FB34E
21DAA6D8842416C88632B3916ADB11FD95733A4CEC313895D3A485E79325AB7E
22412B8F65FD31257D18A6A070AE3973BF9781FA0D070C0E8E2ED4A30426C73A
224E7929B39776A17F5B5D1764BE91A77F953B3E84ABA8DA51B4A8433427ECA1
2252360374E235874A80D1D282B99568FD612E2CB7840AC7888904AC247CFB68
225D2CAD94D396AD00944ED33EFD2BEECC2EE53C8E2FAA8CA368119DEEBF65FF
22D28D2BC215F43A6CC0DAA7B22B2658C46B82C9369429357337508BFA8807A4
22DFF1E592BDA243595E3E4A899BDD28CB77D62691A095690681EFC65BDB47F9
22F892A772441600C7C7E41F6CEC8D3B2DCADFC9EB3728AC8ED8A4CF6C16EFEB
232DBA329275C4B6F115378F4EB57302DFEC11D7CC220540A0B522E9D4534ECB
236849BDBD6F2F58F17DBB5E5265C917065B7E7331E29F2291170B8279280772
24026F57109C2E5B96C6D91C548EF0FDF3B21C367885F1959E6B3D52EA19B553
24055B2DFDEC4D7052A0BB7955D9305A48D830374826DE6EA7D2AC19B3CD71DB
2414CC658FA743760A5E85FA46B8761E3F1B69D9FB55D95AFFDE907BDB498F71
24630F6E0A3ADAEC2046232229468E22266A3964D15A8873802B90431B25D883
2477681D231FBC614E161AE9D87766847E4AECCBE46D4E4E7378FEB6828B15C6
250B84ED0434A4FD9F3EF8BE941DE4BE382147A82B3DB8FADE21B9617880505A
25141574E2B1AE71027A31AAE58A0B05657DA317985C1D36B7E19B61A3D1E6D0
25367CA0CAC2751A7394C95A335F4515EF180B8CB14DBB69B7F44E1269E95F3B
25750CD0AC267E60D3D181023AF645F7308C546551CD72B35DE3FC1217F7B6A1
25EA5497444F1C1A732DC53FCADE961113AF007B8640A8179565AAECD37F5C53
260B3AB7978CAA35406474C5F145EB2DCA9DEAFBD58241AF6CB8EF36A6322433
26544A6594041FED63586D03E7B08E5567AF31C94AC994FAD39CB5F08A252A75
266501E8D3E8FE3AD43891EE533575E1ADC0508DCF3031AAE8780A4B1F290E42
26AE8AF6D7556779EB1CB61CC4C336A1A6D52EA7925F4B1E06B33492884ECCFD
26F0040770B5AADE9376AE250B20066B4A6A32A3C8148D84C6C1719DBB8BE4BC
28259A106275E64ED4122F813B1C9374D0A96E2381C9C07542FEB3EB67A04659
287E0B1051503C335456895BEA691D0602AB58C8151B9B57288CE8E99A0BA0C0
28F293C81B1EFCD540A1E3147439F767C06EE181678F6D674C51A2871225588F
29147F3B8FF8D70082BB67AEE3A859B6319722DEF61564ADC5B537D018905886
296809DAD7A6B60622DDF2D069CD453DABD8535639C06634C1D8604E929F84D6
297D055028E3A459E561688086C921103B99F8448A923F8F46E2171595436DEF
298612FA216452E44D5FABCEA03410E44F8EECDB9318B5F9CF2C5DC94A0D59B3
299D523FE0700241DB931D46D58D38BC2AD621E23BEEA139C70CCC4016BCE03E
2A4707FD27ED68211B263DCAFEC1FCED535C73605534F9C4EB13DC47798FD999
2A599FD6D0FF395232117BCEA1CB9B851B98FA34ED6077078F51AFCCEDDB2927
2A9ADABDB5F28C7D3606D5402C0D6E812F28B25CAC6A9F43A808CAC7FAC1D78C
2AB41C796F0E7A135E5210F2FA199B2A8F0265E5EF9F88B08C5D6DD0A08BA3A6
2B23EE32238EA6827AAAC6323D5472F001DEDD78425A9E8B7671ED8D9A98F556
2B295B9B227BF9D8CDBCF89021D5B89F8F6B732CC61039E1A52B19BE957996F6
2B591C1982D2B3DF687A548101653D48DFE4EDD4F66056A7CF08C50B35B01144
2C051ED6FF3F372B9FCAF246CF610DF17F034E29B1361A78BE036DFF97719482
2C2BE4367F87448C2A653BC83D76C22EA66D1F8CEC8205B29F95A33FBC261842
2C67DDE90B7E11923CCD63AC2BC26A50BA7A84831CF1EB9999F4FF0918343FD0
2CAF8615C8CBCC9761A3E229267C8719735E25DBAB1C6EE40BDAE2534239E4C0
2CC6A98264B9330A88945ED42212E5E0AE37A9665AF1AA10299F4FE2996586D5
2D4C89CC52C7EE66C0207B1821D3E22CC88B89EC5CEE8789CC9A977F919B4473
2D95611D60AC39FD5D282D1BAED89803471DDC695F5B2034C0774620C5203953
2DD244662BE5D22D40E3D2A9A5CB8DC2505AAF3133710905979C4D3355792CAE
2E37FC519D34DBD6F165738B1000C2332F92EBF38FBCE818EE558119B52E67B2
2E41F567900A14F360F57D8A8A020EB5E3B35F569AEC33F90116577C16B0A7A4
2E7E228AC9D30AF6E8EF316F16227D4CEA32F39469C03CE9DB6C40AE86FA7CA9
2E8EBF7D60212814AA7639F60F0D3A2C0307F0A5DB2FAD7AED5C8B328CD4CACC
2EACC80CC0D7BFBA283465B1DFBB94C1CB535C8F4FF394E773A5BB47738C03A2
2EB974AABB07DC78E1FF5D9ACC8054BF008B651DBCE397277E2AD040D47E3A84
2F0956A6C1C81F281A576321E25BE841CF2A106DFC24AA8F16EA254452FEEA3F
2F09C8132C935011517FB58C957BCAF571B9EBC32887FB8AA9EEC741A0598F3E
2F5D0D7C4F949BF95175DF4D936624B1C9367B00C9F57D83B12A25DE01635656
2F6F1D8D6B745F4C509728D664EF1F7E3A5BF34A617688E43B374CDCBE9B81D6
2FE7A200F0D4C8BB010A7AB8CE2311C93EF5FD2369E6D17620D761FE8224AAD6
2FFA264B92B562AE9B50651B70B260CE85F4D57B13CE0B9D5B3E3AF2FEFF088A
305518DF61CFD2ADCBBD69618B8769D098107ECF87FFFC6DA65F1F7E4E01A674
3061D558F6464C1AF299AA71D16D5FF95575E384B4C5E33EAAFE756CB795608E
308411F0654ED17D62BBE23A257D8080A6EC205DDF6E335982C74BA74B27FCD9
3086DABD232511E731C90B6BD0722A3DF34F08E73195C6053C5C10447A9017FE
30D4D5FCA359908D0634AA0B0762E2F2EBC5010BF0DAE02BE30A4B9C84C5274C
30EA881DDC551458FFA59287B26FE459D56E7F2F10B0EED16C1C9CE7C9E3DB2F
31103F2F5E924A0E3AA76B1D10E90642BEF3DC4847CBEFF0360295ABA672EED4
31237A2933593CCB3FE2BB7F1A677AC9CFE1D3252F0D1F6F1DE27D42C4A07877
316D16564A1F0A4E0DD70C9C7313CF3702B44B3271385AF0B76BF2C3E1E1E49A
318E0F0FBE5F4C24BBBFFDA28381FFBE6EC3D3A37C467B13779E8EBAB68B1A5F
320B7220F0C6E82D57D92D5124102B3A0AFDB6958CF9171FBC6F1A3FC7640BF9
3227CAFF3660E295AE934705310E7739EAF2940C2E5EDEBA0B5415BAB284E23C
3299292792EC88B0C1B33283246C8CA68B1D0A07EC57A8D44031B378EFE0300A
32BC640EC8DE0C5A988F69140A70F6EDC36B7FE0F05731CB6B2CC9A401301386
32DBF8EEF8ADF84DE2232981BCDF9F1BCD147630744593E10CD0CF1AD022F266
337EC47901408C0ED25FECCCE78C2FFED7F1E01ABD554F2B35EC60BD1B8B237D
33C7C9563DB2B1C6D6EFC24D9DDA2F5C6DA1CD4FEE36299C56AD3D954761973B
340367522F923A2B000B4BE5B4DD615ADC33378CE78E57DACFF9786B18840DC0
343872099845C4709284C305D02B2B0F053099E721987809E169F488F8A46BEB
34A37225F2192E3BA4D065EA140866B0A5EB30F6D164FB66CE3658038FD1ED5A
3581A5C89421D74CF7CA2B3177C332086B23285344C9545FFEEC33FEB334C9AE
359FA248C8C52D68BFB0A869C4E6F035A5794F444FA83504BC6E3BA4AC30B20D
35FA16BFE6CEC8256FA9A60C31F2CFF90682FFA41B96DAAAAE733F974F0AAB5E
3648E463D1DB2BA1E323BFA854DCC842048D0A54519CEC6DD6BCCBA5691706E3
370CDB67867016F4B1817FA8588CE4BF9B102DCC9F1D83AF384E25DE72829CE7
3733DA96ECF97A2145C2C628950524B60B0408E065A6787BA5EE415FF2033C94
374E244E71CF87599D6C2E93C490B8FDDAAB7BA1DBE6467B7E4FABBA84DB6F2E
376E24F5BAEBDAF433F65CEE60FF010B73BC4C4DC5C876BAA83422062563111D
378C626F667B1E7F6F0C858DAB084FD6022EB39C7F19F734276533BCB79E21B6
37DC52F6A3AB478193B2D293C8535BD1CD2F80C23EDB9351E6F5997A66649BD9
383566AD5EE98454D64EC64D74FE1EEB13FD9D676153C5C04E37393BC9572A5F
3847E65B34128949E378009FE243C7DD5F12030E52005B538848D2313516C1D2
3895A5F1902F7F54F99ADD5E0A62308EF1FA833E5D5C129F9A38844EB7CC7014
3A2438307A73D2D0A1A98316B25D7A7F60EEEE73A55BE91671345E6164A054CF
3A41AEB0E5E7805F7A2270C206969343029D63F60EAA0ED2FCB31CF8E91FACD7
3A5D4BE056C745C19067D12422AF065FB35B1FDE4F135B721ECADDEC6946CC3A
3B0FEE255B151106C154C9ABE9AABA3B781D9E9D4D2951B198F918F062779704
3B60AFE046FA392B9D5AEF7EDCC1B5F64A7B663C3E39A768D857D265351A6F9C
3B8020A53C0A81641D66E5D125627F624C712A2D825AD81D2D9DEBEF6ABDBA5F
3BD6CDD19A8670A509DD4E8A5191B660AED98D4E129B9EBC990E9540B25166E8
3BDB3F603668C1C51BF7426FA3880A225C0126F01D7EC6C31229CD2AB1D69C98
3BEA95F32BFB77B6D6FF7E0D9F8BE57DBC251215DACE448BA708FF2F65106C8E
3C083548A886F158DEA25D3584E2A564BDFB08ACC2B0005446076678C6B098DA
3C29808AAC166F1E09BB4C7138A99FB44E43AFE9B0CAF25642C8227396855116
3C55F3BCC08796AA080B59A4A9546EFADA6B371D0776711E0CB438E7FDD786BE
3C5748FBC53BF55B5E83C17B83A4A739A9D3D2E7F7EACEAE853AD2576A74D472
3C88C5973B70CA9E7B564068488114FC32A039520F4231ED5486CB2F39F85CCF
3C8B6FB9EDF8AF89384FE5F5D7FD80396F9E1FDD04EA48AE454AD260F959E2E3
3CB5BBD33C8203C643C46C0DCF5CFCD4202218D19CF00B5D356778C606395C06
3CBA464515B8821F3C7450E7AB509B97481B66C9857F92784BA90A3BE24A2CB5
3D08E283AFFC5B41A96A7E835356E3C84019F333CD012A2970C29CFBD203DC62
3D3BAE878F89F15D6410ADAD080292677748C4C60C794CB6CECB90DFDF2E4F40
3D7EA974E893C49C375E756649BF4F076731A14BF8552E4819002629708C6A15
3D9F4C2D7D7B4F98AFDD0C64D43F19C5FBC4C984595A48F08B45C292C318B761
3DEE475D2BE029256470101D077F10F5B7CC34DEC9668E0E6409389702362F86
3EE6FD275173FD92560F8467FFE84C0CC0CA3392DB36D89857E9468D09D4BA1A
3F853FCED51BC3D44C09871E597AA81C754B7393E0F1657A003BC443FBF4343A
4002B6A90B7AE09ED25AD07D4F76C4E8C5742CB84BC780762C226E5D71346DF7
4027854C611641326BF7F1D411831772AF15FFC5C25B28B63F9C9A048BA32806
4153A5E978C25EC92166A2B4A7313A0A143F0B73B25779384911B8281652454F
4188E397BF8C6921430621F2B72632DB137043E3EC270154666CE4D401318275
41936338762969C2E31F14DE01F166404F5DAD93CC65FDFE8C9DB1CB64D57CD1
4283684B0391CDA06485BEAD6DD3CBB61B43E966656F6815DE00F155F2027A87
4327E7C947A320C7F014E9459076D98B7759BDEC64C2D7771E954BBD1B394759
433E36F647FBF21C2EC5EA3A2EEF96AACF777522F1350FE77248F4640B21C7B2
43785BAB606DD450890B4A78BAA76612F23F49FBAC2BE3950F3B9E8206367659
43D17577C374186B3AF48801C4496CB0FC039FC02D9CBF66D22BE894CEB189F1
43E9889D0AE74BB1771328C2C49122DB71978F2D3725E44F8D02BEA4D9C83EA5
442DAA0BF72ED072CBD2A4B84A0C38A8D04391245D5EE4A03318A101E30F34B5
4433F45A577B89255EE095D91750138A84BCF3350A5B186EB98D14CB96855C90
4497ECC376077C4ED9894F0D580A56111DF87CB84D606A591D77007DA87E4B77
449F79DA6C7A9A7C9C02045901AF72B2D6CD72BD9A7B792EC98F3BA5C4320610
44AD96BF99E1574933FFF5594D8120126C2E661D9DE6A93CF8F1116A004AF0EC
453420C69CF951A4D7BAC507A735BB2C7609AB2BDEE47FFCF120B417F8B689BF
45645EF74E59192CED731D68B5DDF240FE78C54254BDF50D8699D7272AF7F2E3
4577852627AA2DCC92AC4FCEA8827F9B9A6EAF1B095C32E7F719916E49C366FB
4584A549118CCB0DDE497CF92393D820413CCD744774F4FDFF561AD55BF4ECA6
4599357E6B84FC3A00ECBC395DBB8BCCA0D3B266A0BB14BE1C2023D6F34DA283
45ACBC94E06D6B884897EB14C87620B24D89A8E88AE08673BF115B49427E7863
45B733EAFD4D22F2214A54E7B89C8B95BCBFA2092433CDE3EAD8E786A99FBBF5
45F0818266434E92626A48B7F65C231A77AD797087D8B2FBEFAE97963A069F20
461CA0E3FE06ADE3E93E8B7B4517BAFA12D9E719F339B2595CDB42C932EE8657
465FC995FBA2F8ECABA9B10F261D50DFC2F460384657CA9CF75B6F4C3C601E85
468E83E68A781AE2A047EB507C58C966FC170F30456E61A539B9886C4D2DEF44
46EDE542F2D340B82BBE0BAB64A9C6F9FC51C2DFDB248C02DA9EE9CFEEC2F1B3
475C0D3679491BD2489346717BD5021961DDC01F43D96E18AA13712B6D056FF9
47ACFA5D706BB0FFB65B7F2256E1BC28CFD537173D8B16EEA6372B38F93DB85E
47C98B10B79FF09C71D8D59F8D95CC44EDFB5AEE1B8D81D916DB871F972B5DD4
47CFAC5A6F68E49F16E807D3CE82818406383EBE08FE3DA4013D75EAD1D871AB
47EB5D00FD3B818363F16C6EEDF105D9A65203635CB0F4BE44E960B9CFC5E139
47FD232C30EE9A0E01D416C5F3B565CE92D93DD2303045C28D2D469A480A577D
4818C7D4BFCA7A4F68D543F8F21FD1C4E247FC51AD6854FE50A38F052F6AF36D
49C792916214D4CF72B2773228F79E4559A39E9970A64E5B6947453964CEF269
49FA55C9BB69CADAC09B5A164513FE6E90358FA78A30DFF32CD3F0ADC2F4A6C5
4A2BA6FCE22A5A5DCE0EEE7771DCD6E64193F2F17552527560D8C774FB97CD30
4A668AA192A0C1DCB2FCAF2A041F8EE0A38AEB94E3012C34E9E7C2F7FEFDC79D
4A843F544BDFD769177B43755CE83BCFCB63EF27193EB12C13D8D22B57AEB184
4AAF440330E96636D84AD5A14CC8681915B5BC98E906766EF2709F2E7DD220F9
4AFA3D75AF55EA24A3437674FE902EDCC02D01E8E77088AE67728B97CF36E326
4AFDA712FF50AE2F230A41CD2850505DC0BA9D5B56D2A3C6F1BBDB30A2FA6AB8
4B2FF58CBE8DB8D0FF47DDE0C6C5C1A7DF57705AD9D99F70DA2A9D10458724CA
4B420DCB586DAC6DFC850B595C535A7C3528B5E0BA967E5ABB304B2B1488F9FB
4B863797EC81918A143814ABF8D6AC6503DCFC70233639F3E01450288D8BFB42
4BB53DAC3615EE0DC9F55D0F7AA7D20542288149559E76EF8A21636E6F2AB183
4BB748167BB89EACFABC6295C553BC83BD4F0B5D8B91180E91196663914A5D23
4C492B0FF7F0CED1DA31A8D906F132105FDA2BDFE824693E8E720E1AB3BDC2C9
4C55E4D3877F055A5A87F91D6F1019F949ED4FFAA9B01EB03FB8B05212BE111C
4C888572DD28FBD08E3505E670A6C0D48B705504518F995FEEB03988B623E372
4CF6140D0A1618EA9FD492AB2A3A0D5FF168E54522FA64C2CF52F3B2609BB747
4D1C3AE097AA0CFDC9E42014D1220541CBF4D16A5DB93DDD02294CE5920E44DE
4D8388170551DE77BD40EBF57E659CE1FC1712C4024D09FAFF24A2EAB51B100A
4DF41B5B9CF9DAF9D68B3A0FCDCA1521C62E716C17FE1064D3594F6BA0424961
4E3A152F96AB98D9104DAC7F52649FB818CAA228CB564614BB5B4ADAB962015D
4E64BBF92AC5584778A0DD2032F9CCC303B7622B8A3BDD0F73B38ED6EB7A2B9E
4EAE5EB703C9344F6C38B7D3BAE9BDB3462124D35D2581D380B25FB2F3DC5985
4EB1F50FDEB2A6393A831BFE371164F0CCD34FA649329DB97C2F21A3EADD9E4A
4F29A8C647563B827D81666E7E85102E9B7ABE386DB032C428BA1CD454907EB9
4F68981112F8090B6912DD21D6178D8E9272CA9068AB8AD54B045687D39FFE70
4F8FE71041DA44CFD79C8AD75CE1A0DAF2153FAE336AFB2C5BB465D0EB08CCA5
4FB1D492B3DAF10F34D55B49D9CEA54969C012B2792A9DAA6247E29348949741
5051B3158C64522EACA51C1F33BD8F5B41F38820588599DF09EC7E25B23226C8
505BA8CE1F5998F470A8FE7108313E65FB5A972D2F9428230512B015AFC03A13
508A6057B20EA45C9B69D69E2B5EBBDC5CEB5BA4E4B63F2F8BEBBB8372B107EC
508DA963A12920F1AD383974E0AD3EF218FFD2297BD642E0A639DF1CC1E1973F
50E3B97861C5D7129FABDA7F4492C543CA1BCFAF975EBA17CB64754FFB792AC7
51318D2C5EB49F2E7FCAC7C7EF47807136E6B9628252C109775EA496A13BD763
5137C249F65C5E933C8A4F1A77DA7E8D90D6255D3ED7F09D084E3EA5A1790718
5172902E59DE2299E7870B8B0E11009EA4E20E5C0E8F089FFD17D09254109FE6
518CE3061BC77F300D8F9344CD7DC5830BBC0D8D69FD4690969B48164F7DF613
51E06D3B6AE163567722D5CDD367B61414E70A973A9FEBCBF21EFB2AFBC41937
520F730AD2B27FBCA4555105976B5297AF8F66C6DF37EA82C4ECA6D66AE37444
52AFC521F66E6FB26F946AC3D256883B04970F24C7730FF2AD929B5C933C026D
5335BB2F9F4364379EF6A0F4354418A22745F9FB2BF03A205CF7C3CB663AAF7D
535E3FF7EE3CD3144DD7B26794E891F7F605B9BB09C06A282582BDE0B4D4F28E
53854B49817DE40D069D8E6629B782AA3D6D2FF91999BE2111FE1A058DEB3E29
538B09ACCA35C8398B8723F42F8ADB64015A260BDCF757A9F23BEE86B3CA7417
5398393FFFE3EF0720DC7CD800EA4D6066BA1446E3ACEE71F68434A3E5ED9271
53B5217B7A757BF4473F175E7EFA4DA0E0B74678B6439BE44AD45188D28F2A31
53CD5DE9846AF50163D8E169FF2B85053807B06E0744470DC6804858C56EF871
546F73C97B30CF51E9C204C1F63330DBA02D664CC34666CD5AEA9CA3A899F946
552A3AAB96EB3099A9DCF7973331FB0E33C0B6B51D8646F3E5C9EE0055001AFC
5544940D93047253D0495E2566A183349003E69844B9812B8776E21E90593C32
55E3DA8F6751827F61F87288E3C5BE7E48C417F1AA61F4B0F36748579EE636D9
56257BE4B04EC1B1686F042DC8B7655E51ACE7D878D39A4604966E77EF78CFF5
56A77D9742B9450432BEC96B432797D75B7E03B394B27813753E446643BD8BC8
56E5567DF86D84E470A83948C93416D16F03C42FCA38936320E029BDD8F8E633
56EF14A475A4FFD75D20608732C9EE3D98786253213FA6B683F492982C20A5F6
57533419033BD4B3ACE73E6BF8C0B937E16C4A9AB9F69AA84DA2C7C3748202BC
5775D38A79B4A5536866372C07ECEBB641283C24D1DEEEFAC535C0A02E09B01E
581125ECFEC8A77121D74B804292637ADDBD8CDE51B3A7179BF47B508A633F6D
582F5DD66C5723D109D2AC2ED5D8B4B2785CC636D321BEBB7EC54C4106BC2A06
583FF3089C947213E5EB39968C586A546615B7BA2D63B927555125AA31933BC6
589B7367150D3C572A39992B7682E161A8C9D5E364C1433E7A2706B6A7CF3A61
58FA2957E119A95C76C1E69D91E32FDE9AB195B4AD46878BD4396E66F0059708
59192580911649D86FD5A6788FCD4BA0D016CD8DB2BF2989B673E7BF827327A6
59447847781230FC9F393059003B6E8BB5533B2C735CB627348072706B3D1FEE
594B5F8E7CB1FC534A2FB9C8F35A2D43665DE87269BBA129F3FDC790B59711BB
596D9FB224063C804B5DC643D434A06E579A210528DF09F888023A164D4F6AAD
59EA92101AE103CC16A155323565E5B24FD39E03132B9B3EDCFA41109ABFFFFC
5A34501926CAF35EF2602E09F3A76216DFA280956F58BFC0B6F8BB4D805A89AA
5A77C5807E3E816F888270A0ABE86FBC142563F8854AAD4B7679FCB925AF169E
5B7C8C9E0455F90E615F67257BD58B4E739613CB6079DE3A1462360C1FFE19AA
5BB53055A103CB9E3E90C773F4A3E548A5D8EBF0EC01C860661484F4AD55FA0C
5BC2D5517777F45AAC7623F58BD6C5B40A3A48539124488473F520B864AA6FE7
5BDDE0622DA44A5E80A07DA7FD10D67BC6111FF25F88FA6BADBF04CD96EBAF44
5BE6D3FCED60D6FBAB0FB56D7CCC4B35FE86032DFE5B073AEEDC163F209BA713
5C054D29652485F4102327956DDEAC2E118AB09F4EC5419517140C3756A4C525
5C0A635388F56A72FD0C8DAA11FF35604F35AC0BCE40FC789E36B2AEDDD5A756
5D1A5823D1BAEBA2C9AF4102002D422E137B4C0F3D14394389CCC20949601FEE
5D1BB79897207BDBE858B84C722FE1E354D2951CD905BED15C990843B0889309
5DFDE28C0C1E5CF3747824B9FFB927391BBF4072546EAA20BB8317AF2A348E01
5E31EE911C70F50BFCF43F2B836A8EA51AE7EFA08A85D63EC00E62D86DB90FA4
5EAA6D5D86D8E3EE5EA1AC80D102AF64A1EBCCE2DDB9D83D7EB2FD834C4370DF
5EECD11F32ADE1E6A0FAD5991DA0EE77863FE3F5D14E09BB63D9D8E1033CAE9C
5F52A30D3C25FE03C3E5E31218A87DFA3669E7232C159ECEDB0CA158164CEB08
5F67D59CE1DE1B6F9C512CDFF3AFB044DBD0930DCAA1D524526A2EB627C8DBA2
5F70BCD3B5790F98551ABC4CD7629762283926FF473BF3B99E31F168BA31A4F5
5F8CDC2056624FDC83ECF3F68F55232F5A88258DE121519E39ED89AE2AFDD93A
5F9ACE85101CFA42C510F0573D8EB1CEAB28DDC14510E37016962535CF4D4600
5FDB17A48F798AD575BF4179CF75E3060E9F34E6D8AB7C06DBC15A3ED8C92B5D
607014FD281516FF3D798B867A5FF8B1C5272C16A566DD2E28BFEE267C092CA0
6115AE187F745F4BC07020A8F33245FAEEBFFF7683C0C26761B88490C8848D34
6151CC8B4F8513FA5673C17412B98956168A8070C0A1874A75E3913CFB582EB7
615D293239C36507963A5CE294BB07B775B7D0D30A6C5EEA6FCCC4BCFF2F4278
61C61477F850FBFF62B70725804801A513CDFCED3FD83231D32B4862514E2B56
62137D865CD57D406843FCD161EBC8FFE1CF499BC54F69BF085E72BC8BD3EF21
6266ED268889CD23BC9D2E624B23B0E0FDD10A3057DBD9740E8A3225F0BEA116
6268455D664C5322A2B6C53AC1DE6E46A7B81739118EDE8CAB85CC274082FD78
62B81142985E93092E35F17A34D7731118E29F180DFEDB491785ED0EB3A359D1
62C0DE1B65E583B70F69D24529D65ECC53556866EBD2F55D28B3419EB7C2B31D
62C4427AA8DB2C768B697CFB024113B87EBFB11872C59C7C06F682AB2DC2C962
63CE4EF26E181C82F04C528B8B550789003749B8E2C196C18A50FBCDE45F8000
63F5BF88BB735557E309A80F3428FCF80D113D49E3A5DC60E911FEE3B94CAC28
64627A936D7F5A04877AA32EE4530A30510949B8FAB07AE5E390ECFC83BC0A7F
648A67E489CC7C1474E2472DBE6AFFEA0865A3DCAF94513D64C755DCA21D5F65
64C1F57C3E629020A677086BEEF7C94BB17660F467490B0C117E6E96FB81B0DB
64D8712DBCF07B9890351A4BC4CFE52F8B6F31B3A19D7C33CF7482DF2A447975
651CD7E4BC3B0F8E7C07B44D1FF0D790F49CECB2290AD4F45AED5A27CFCD9B09
653E31C4EEF6EAC2D6FEBD55D593269A672E526C5F4CEC36422B908EDFFA6151
65737D2797DFB17A0FFE12E4E115AF3AD626B866C943DD0D4BC39C58AF2607BB
65B92B9C3DC38E8725092DEBD052C685A411BBE8ADD1DD73FC2085A61A3D279F
66377A2322A61416F14496D935F564016F1F28BCB6BF866A19709D7F8F4796E0
66B3C3ABB3AEC841D80193465DC8DC1A0A303BC3367437920EA7B828B3BDC1A0
66D10A1FEEA02597936FA01513041F863CAD70217CF518F7CCCCEEA8E950CE52
66EF9FD9E29F23F82078D7104923EAFAADA10E42818EB1390789B7148A6DBF12
671656E2EAA23F60026BC1A871174B59BBDECA306291E37F3FF27BCF525E0EA9
67244A0446937A23180B126324E37407A8151107DFDB1BE6D95AA4FA061D72F2
6736F3AAA6C09E668E6831ABB5AE24C941B7A134EBAD0432E780912CFCE26257
67560766B2D37E8446F950491365591A422055F04BCF61CA2140EC5C06E7C441
68BF25F184AFDB051FC6F1B2D7A126A3ED69F07B183E6A5AEB7481E0B83E402E
68D52539AAEAB1D4876B8E0710259EFDF32542A1C85186588F95EFEDDA30853D
6951FB2C89144CB316F616F1868E6B5BA9FBFDD509B1674570C5B5BBFA9C8CF2
6974B78C07C01459D705FF6DCAF9273D1CC4344E88C1E128D6378F5A1C31E2B4
69AAB162856E648B674853838BF4CE46AEAD70E38D78BF92977FEA1756138286
6A50113DBDF8B868E0CC539595476B41106D47D3BC832DFDAFE43CB4B53B9D87
6B13A2BFF8CE3D4C21F3B0F1047039108592C654614EC451A4BF7101098AFA48
6B53C5CB15057CDF481A1B1F8A9F0BF61B5D57BA3D36922396C569863A9FF240
6B76ED824B9A62353771F36384FC52342697F711730D81DCF3D9C2A7302B145E
6BD4B295BBBFE7E7BCB8DA1A9168B2F9BA0AED89A5CA57E20375A89817070E8F
6BD6951ED5FE2F389437CC6C23BB30570C278C06492A14D3BBC29B5BFCC38C4C
6BF3935372F852758CEC60AC7A4C6F3EC3436342B48A782E2D2891FEEFCDFFFA
6C156347F29CC9E733FB7B532C388A8CF91D1FFDAA15A3648C968EE267559528
6C516960B93814BF38258995C16E186E1423525D0BCE82C94C771DD9FA7C7176
6C8F60BDA4DB321A5A633BBBFA3665485F7191F06E8F7BB2ECF3359BDF926126
6DC8484CBAA41501CFE5603532418F5E9D7621FF634F4FA2812C5B8C78708459
6DCE64C4D14777BF26B5BC73D00BBF76C2CEB8A54D48A597628D3FF2D64F8397
6DD2950935F2A4CC95EB1609040FEABCFC739C288AEAA2B39467CC610F6E4EB3
6E50F69776F15FB3E209FA5D8562F0194F338DC0D5411D535D285C58BA0EA97F
6E98E7A64EC69FAE53B33F92A6FF5F5EFE7F821BF3DE8E49CFC30D9505E76958
6EA6928366E8E9CFA246439342784769246D49D6FFD9A1AB3293266C7314EECD
6EAB135E24158CF13B03080692A96C1D83E8F90DF225FCE9FA1697A6AA6F18B3
6EC044AE16FE5F5DCA5839935E36DD9A8D1E4BD47CF3CF3860D9C834B81437DB
6EC271AB342C2170BBD9C8236AE28AC9D85588902DBAE8704F2ED77910310E3D
6EF99D4FBCBBE087C7BEEA5BFE540882F9CFEFDD826955B4198411CF81BEE6B9
6F485F8E40267A1C652D2E62DAEAB358013B935ACA1F974C0D809081DBFB410C
6F4EE8AEC85D82F49A361B4E6CB9D79FF6D1F12BDCDD6689360ED9D67FFF4250
6F8CC94387DD9D18EB80E70BCCADDAF8932ED5E54ECC230A904678DF91748EA6
7050F20E5F596815622973D22B3233CA4385BC83B05270603ACEC9D0CA7FD4BF
705CF6292CF8610B7017F375FBD0475A9362639B958863346AF6A93E623AE0B1
70FB860B3C19B577FA8C5BE05ADA1361A18CD1ACB126A602D7068F54E4733764
719A85FCCE3705EB100F138CFD9AFA91AF421A61D9425672BCF77D542FCABA04
71A2C01117E0A36CEC6444BAD888CD0AB9DFA2E672E05BC7F95C421D09A0D47B
7255517173B75D74C06AE23CF5FCBEB7E2C095673AA55ACB35AE6962DD1B3721
72B5FA2F012DCBC382E7A675DAA89C0C843340736C2A3223FF39AFC8596388E5
7311DA889247DA6C93643D300758C52A4D56ACB8B832DE38A4E27E06D734A72C
7315B6E19B79667256075329CAD029D229B1B90CCFBF686A252604539CE00433
73369DA4B2C98F74ABCB6751A121849863938612C7062EDF749BCC13170D6E9B
735C8DC75AF4902E37CD31EC3E4699F5374CF48CC32618D6CE137244C6987DC9
736F0226B7F6F5342D67BC83720CEC91B3E8E3494AB6DF71F6CF14DD848DEB4D
73BB116860E403D5677F5C57ECE446CE124BD5D50B0E33ADE3DCA9F51EE4AC3B
73FE76F2B3C50FFBFE4CF6E3810476580B0D5625BBDEBE4B44494519575E1B57
74BDD3A55EEB3DA0B55CE55CE9528D5FE122D62B15429FDF1D8B7ED71BCA0184
74F84259C38A12DC66C1F5BE96BA63E77D17CDB8CEB8EE8C3C0BABA0B02BAD5A
755DB95FA0BD1696DE4E929F5F8B7BFC08435D017114E603CB9F4F0A0EE568B5
75E2580507A8114F78A966FC2EB70D486A14F3498CCF620F839F183F9A028640
760F93777D0742E382E0DF8BECDC16F471DC4DA51ABD682E5E94B62DCC6EC6DD
765D2DC07D9E790A2FFABA360AE890B0603D3A55DC5EB31978EA578C86305D40
767FA0D594793F8CFBC1D2BB572343EA07393061275787F6EFDB64CF6E9BCA3F
768B6EE3CB40B52444FC9716AABF8E1A2F792A63F166FB332F673170C3689DA7
768CD58685DFE6333FED0905A2587827C859E448443ED5845B9F35C96EDE5F69
76A5EFF56B9B18C836CC30F3CCFBDD455010B2012A55747196D9F70CD57CA6C4
76BAE0B8B7A73B97BCCB4D31555B3126F4192823B3955F1D5A58F485AA2C2741
76CC3AC2C9C8B78BBB8064C40ED79898AEE88EE762BA3CAD503995C9722347A1
76CC68A0ADA9CCD5F4D4C4341FA6C1EDD595DB42E9A79C5DFFF3B9CCCA0C76D3
771FC9BFEB8AF80FA74855143CFF1B9C6A9B3902565A2BB2F036E739201E50E2
772892D91FBD6749DDAB69DB5B499C44DB7CF65150398AB3691C73A2B98A124F
7775BB75C7EFA07D1265E929DAE86B03F7467F61297BC769DDF7ACE7C76AEB36
77FFF61501E0AB821055C22410280FE00517288AC56BF7B79906C4A8C1E2A975
786A36033DAC2DF9685B2E8B5B2D487DC964943E93F50073AAF272D930FF3AFC
788C535378C592F2F3247640864A5E767A32071FA10E53A1E4DF7E70CD905049
790098C41E8385CCF0EF47857A71E648553CA839F54C06E89C63C0E805F6897A
7A2C4FA4F69845338E15494D265A62E01A74DD777D3B4383C4085AE57BA898AD
7A40CB142D304958CCCECDACBC4F955965DD5473CD8E8FA7C2DF1E1603AEF878
7A8AC3DF212A3F9F4F23AA8F03C393B1D63FADD0BE49E3C82FBB9D0138EA0464
7AFF27AEF200AD5332D3C5C9F317F87DB5AAEB5D86CEE08EA53F0285D153D150
7B70BB91BA9D53BE530E9CF4286BAB311D41C46AD5CD1FC17EC63941316ACD2D
7BD0624512C809978426576F4D363F1C3F0EE82C78AAF345CF96054470CE7B23
7C0CE60D266B44ABA07B6C8FE63C7A2C9E6DC7AC0AE174330C766035714817B5
7C8EE880CBAFCF154D9DD931976132E69D9F8A0792F804F4BA757829485FD1F4
7CC30E43D80DB82B166B386F3738E8F632BB570FEFE323A0B0EE47318D2C75F2
7CE1BAA06B571E0A1722CC074A6BE5275F1FDD74DEEFD0213D8AD8902C85C502
7D05D6F5BEC10D5ED7D6EB11E29A68E101F66A20312D56F0E7EEB97F8796FAA0
7D5D3F56923C5FD63198DB01E81751249F123F9DF0E9E66F955D17E497C62967
7DD691F4709AEA0174CFABCA1BF6157BC4A2E994727B865EC80B3763AE0C49CB
7E3DA08B8A21346503EB7BD53CA71B01677E25B506AF76E56CDDA0994F68805D
7EABAD187240C2F39F8C42BFC70196AEF16514D8624B2357BC67539F2865FF87
7F19173873C5303571C97338B9B71D0445C7BB90D88DA75FA0A707DA3196F3CB
7F68551CC4E1FD554A0DF9007A432E084A5A8002F885803526889CD774F72EF5
7FE61D8612E69BF055D7B5D0E43FF035252561FB6782FA1FA03EC1E5D0D3DB0D
801094FCCB9B6A1F329153EE42DD82DE75CB39BC7112E0CCD2BF69ED60332BCE
801404384BBA42CBB21E37790E4B69DC8A7CE69D3A7CB56999B6A58EF2811511
803B28B14E262E126221357218B806D11DB38646EBFEF0262211330D9D2E8C33
80436C59E55A63C3678D7AABEEE3B6C7E2C659300AAD01D232C27D2089410A45
80C9D27B3C429BF7345BBDEC70EA05B7B522E734D3D7B045838312FEB4F3FB05
811E4B427FACA88C4F465E117EE5633D60C016C3C4B4A07274AEB7EA49A25FFE
819EA2F715AA273467F4DEAE6E30BF7E8AAC3D27AA31FAF711EF5E2FF79185B8
81C957791689B39BE374DC265B467F1D785DC6CA5C1EAC39F19CFE5788404FF8
81D53D23A0A7D772616DEAE97863938214E8658D650F1181B6E636A323AE3769
81E7FC963D190BFD0530828ACC86E7A122EC57E8263E52171637D5A989A3C279
81F34DCE9D4B6F762A196DD2B40A71FC7B35D76BEBA903B88EB241CB8AA5F119
82ACA659E2727C758D2FE629FF9F9085FEAB6A77AAD081CBEA2EA4AB3A9922F7
82BEA9BA6E51128F78A4D87A0BE553E582DFF77D01DB78E130495574D44EBE21
830E455EE287C8249468203A5A35A2441710DC7F2673C63471F8B51CCD59DCE6
83A803431787FDE47E21E5BDDD1F19E04A50D13097981FA8F18ED51922289710
84514C4FD0A5401F6890C55CFFAC98EDB4FAD4047D28FD382AD1B738818B8246
847BCF5F2884D45DA30221DC76F5D49EA2D32B29FADDFE6BAD40B52BB162F4BF
84B8D6EB3E563856200B221DF856323B0E3D63137B34B58192E3552F4CA516E5
84CD3C9C31D49F5C1D3292D51FE20A235C839AD141628FA805A6B980C4ED647F
84DE168680DD57F868297346D859E8C4B241070A76E9F6C2D3CC17B547C1103F
854DC4B0AA3A94AB3B7C6A24A09C47516A66EA0498B66231A9E8473F0D164DC7
8554115950028250472920ABD82FC4B565A3A2578B5241A9ADBFCC48AEB6A128
8581DD78F54B7666664E93B36ECDD408457E46DEFE8FF83076A397A51CDA926C
8582354AE639D4C2AF5CC6118591806629A495BE73FA705BF9891EE363A78C05
86B342A4A5431C444566CCCDF0D74CB24FAF3175B2C736783158B16524D5D19A
86F04819AB049CF470A353C6DBDDDC117565E5CADB69AC427BEFD5DC6A34878F
878861862871F59F26444F4991490E315CBB5C62E844A47E2587B23A8C0F5E6D
88457E40A65D0398BF1192F152403819DC04D1C2796F46BB7495579F2CEB7203
88A2DEF619B26F3DC8E35DC22AAE56F8E0E8D1A09E38BEB8B58C3CFA0AA00264
88B89CCE8D283799CD898542812DB31B874A6DBF0E744628B2DFD7D51164D939
88BA0FD9B0F2212382C517BD2FF3BC8A4C46AA80E45A613231912AD7A300B825
88CC51BF2D76B38439DC14DBF41F37B4773340B5AFF11143C4BBFE7FBB7D8457
89F44C3F010C6DC3022E51E89F40FD3BACF84C8911F703EEDE3AC7AF33846A75
8A2B320321E5E2DDEDE39D69B100B91A060E055BFC5651AB8F90655DC9FA0F34
8A459CDABC9BF4C8977884A30D56F7822E7312881B7EE371A63B3F80C0204596
8A59C18A469B7514088E7D06090D999D34E4362FC44C1890955242F1AC3780FB
8A8A92EB012F73304C3210E350E8FE8E30516193AF787DC56BC67DDC31D593B3
8B0317433E826525935C2AA496700AB6FDB19ECCE0D23BF92F85E213F1268CEB
8B524237F7A5794CB80E0026BE2001D17B9CDC2A62CF04B5BFB8C1207581E0E6
8B72B5DAEC9456938802E50CCCF9F4C58AFE18E2E017020885DBB86D30D31A59
8B98C4A609927F23261D4B94FC29AA2EF6DCB40E964C13D391CFDE59ACB3A4F9
8BBE4B1B74563C6F5F1441680E20106EF4E4CC143CEBD6A893AFE51311A8B62C
8BE73F5961D4504E5811B59F941B452D79BFD9484128CF90BC8D263233C9E253
8BF57238D362609EA378B7C10E6B984A2E639FBD7AAE135209A88A816D86F201
8C5DA33A08071918E9CA250690450C777816B69D947FEB53340DE706715C30F8
8CE2C7874A3D7DCFF7AB5DB5322D14A835F0B079AC09BAB2265F8E08771A9429
8D2E8B47432B3F7A778C9BF5BC2FABB6B4A7F46D075B6440533680D59A337333
8D478126B9CEDD1EFA72802C049ED1497C3B2DE4CA266B7B543FE5AEA3187ECD
8D5F60D303402DC997296AAF29A448524A85312E1E7BBBF4A6865B206A8B1213
8D99C4D64CA9957B5F6D05D7B8558FEB8C9A9B5F4038E4ED4B5F0CD2B23FDE3B
8DC5849D502AC8FAC42C4C866930E4905BE0B62DA83694A86D53B9DEA1F7DEA0
8DD0675129A18735C29F33B6786DB5C39F11CE306782A747B0BFE0A05B57A825
8DEECA0A194C8BC913D61C8107E5DD4C0F5823CF790359CAE20168D7CADAD5DC
8DF50B1F8661C55FD3535BCCFAFEB66D580AC9A42302AC751CF85BCB4530D929
8E9C42E48DFD4BE3A37700D2981BA007024A77C8260CA25906E88C5F3DAEE399
8EBBEA7EEBFAC9EDD25F79F0A47269F24846394FD50BE3B6B0C40EA945A34E39
8F073938F95708F553FFAB68AC73A11C21B8BDFD0F06AE59EF831002311BE5B0
8F1FAD4689F19C03696AB6F02E2F541D33013A0EC589D2E637DB6312387871DD
8F95B6939E1D5CA48B9CB5161EF546F87DBEC2851C7BA508B41E37002CD46B9A
8F9D23AF9001848B6B436FC3095A193A1C087B476AB59E4FB287E258CA48B632
8FD52FBEC8AA45B0AD69FBD1B751D99813753FC3B59F2E21793583ED8ACF7876
9001C6644B7E663B55261837AF9254070D076659C8453DD4E65B90E4459B25C4
905443452885F1BA309934BAA4659841DA9EF8ECC7F21F417BCA615C1CDDB896
90748A5DD0293402BBAAC6A7E98F626C24C1FD930D05F4E2576CD3041273933C
90749EE54CC22ABE4526A42F4121DA06F778C23DBD9132B7FECEB2FA6253633B
90A2BE1D800CF974A9B1B6CC4F612595C60C861046E52FE893C4FF3D4066A20D
90E8C0B1CB2B15F497541098AF55D581B6975A6A45B3AC76C30001288651FE00
90EA0BCD42EF881252E8EFB569D528D3E033929A8B362837F0678DBAFE57DAC5
91516BC7086BD344FC33D49BE862B2F45DCA52FEF824EAD3D3F2A157FDCC74BB
9160B275DB8B24F290989ABCC1C320E1256670FD9F3F95F89AE55377BE584A9A
916CB2E2D481B0D2680F71D86496FED8B3E2E8F048CF36E1687FBE49593A6BCA
92151609C2518AF45B3259207F830B24C007B55DE62C429A1D83E9571E31A3DC
9280272D423DD11E5318EE6D3F31A81E8DBB44CB77A42F73EEE7E38054C3D212
9297E7C1649A832C640E66CE217C25A2143D2DB5C418209232DBD1227F00CD91
9298FA34FEA014194A683727CC3C77C243BAACF1E3C3835861608FAF520D2986
92ABDEB045C0B0C5DF9073D7D4A74AC225C230039F38B46639EFEB9BEEF6B08C
92FDDED8F871A557CEE82F5F70F1B98AD9B9000698B277B1B902C745F63B096B
934E5FB833ED9518F6EE943FB2F46E2322A80800DCF850F07F419BA9BE7AB856
9479EC1C58CD08AEEDE4587B57DFF01F16D9C695A881C74862F0CB8F2E7789B7
951456429B791EADEE126B9EE87AEC5B7B385D363ED335CC146FF75DCD2DAA6C
952367A6EF37DEAE0F7766F9950D581340BC91F909BAF6B1DDC2226870839DB0
95356C257D590C8711CBE968CC6F508C78304DE0ED7B17A12452E4E27E307D0C
9536C2E87A92DBBBDA773753119FDC2EE7157CAA74223370FF017949F54A99EF
9546F7D4A7E345B9654AD716308DCA66C34883F4CCB46EF406618E6ABD04BECD
956C28C95E7D1DE4F9EE31F27524B152AA7283572468D30C83E4682F223B53AD
95A068D5ABC6A4C2CC118C1502E50BB199AEF42B2C1453A9517CF96E3AB131A3
9619F69DF482EFA0893BAA0D1F2C732FABC8121C7E145DC5CF240CD28E9DAF7B
96A7FEE7DEAE5ABA936C1AFBD3EF3E131C2FD776680338853E8E2CCBC9CCCCCC
96EACFD84B87C961A3A07505731F8F48DD61E13648EAD507A06B2E091534B55C
9700E69FA82C9F12E0FC60B34F51BBBD108F5EA7A4421200359D359703501D0F
97C9EA724CBB7730276E522D35A62E14096C7A67B334301ED5B60A95B58B4E68
9802745BFACD3B709AC53C6B1E3E39FACA0811FF06A154FA9BCFF4797F3A52DD
9845F64E8AD31D8DF10E6EF02EDBDFF8B43B3FB32AA4DB6AC5E4836D8D1AA5E4
984EE41B17908F319C559B5C8E4A476582A0336DDFE567D56796462DEC83D9FA
9855EEA74C0787E35FA849CA4D1CAA366661610567698B6AFA7462D1104F42E4
9869A7408895C1EB6D4F719AB3FAF3F2A53EC3BFA5DB72EEC82F82778A2D15E4
98BA3ABAC7F9D53CD03C8681A2994EDE11E8818FC31720462631C5472AA4071E
990E666CD2F9B84BD1E0D5F8C5929BA4F30BBE75B05D5F470EA7AC8CAB46C339
9923B2139AA416A097F7904CE50ED5D45CC9148A22E4D397AB208EB5BC197644
9979618FDC877C040D724E877097C41B3D81CD00B9068A043442CBF5712C749C
9A795BB4130766140C3B36C8E966B4D67AF59DCA61970B49F36F014FEB7A08A5
9AC97F4FEB0012C864FFF89D21C6BD7EA4C648C7EC5E72DFDCC0AE2DDC4BB4FF
9AE8D7E3D43E9F584799F8AFB042DF27D9F74678450DC0F7A7E5FAA965D5FFD3
9AEC4F0B068A152612D2BD44CA48E8E03081DC44C1D7A19604C0D0FAA8EE21D6
9B408111E977BE1BA855A2A52648DADCFA3EF02B21FC5DD89CB75FF4FD0C50AD
9B5B76B48DA97B4A2B1649256CBEF98C5649B50527BCCB2CB3AFDD154A033AB2
9B8DA65CCED8E8BC526CFABE557DD1D13206D2FE5E346494BDA82D79D8497FA0
9BC09724304C3E1C5DE49318F84D89076319F356691CE0EDEAF1E2436B28BD62
9C0934AC95B413324044BE2F82880CFD407CCD21043B6192A54714DD6C440142
9C470362162347C4E74144ADA7D18FBEAB3ECE12B4E5F7DFCB7669C99629C81E
9CECA91A9EA3C93CEE5E67FD207B86404AFC06CAC22F7036F61C34B07B2478EA
9D0E693337A7014F1C88B24DB2A1C13ABDB72F83411BF4390BA90D711D36A5FC
9D29605DFB4FA4149CEEE4CACA1BBEBE241D9FD5FD5E72F17000FC435A4BCEBA
9D68162969734A10C17D3C74244F480F55264983532940DC2CBC801B4C208E72
9DBA4CA5C35A18F2D5A6408194AE8F1AEBBB0A117508AD02599B906CA1E0039A
9DE602EEDC4A177D1405B0651E36B1093212C9755C14809D7714660C1C748652
9E260B4A2D75FA5597AA9E9A9DF3BF24EAD3F11E5E406934FD8BF6C8E23FB43E
9E645172278F8D9374797261AA9B9C9BBD0658059FA769A1B3A929095F08ED3F
9E6A3C86BDA1698F0E579B6EE2C07517F29257C74258E1A13FE22DF7687AF4BE
9EEE286050C49454B781E8531CDEE902CC70DEE30AA3B5DF1CAF7B80D06B9DB1
9F3318CB5D7AACFA1A864D095338CC66DD956ED69AD5397A51CEC9110298E9B0
9FA3EBE10650AE4947CC35C16BA7AF9EB5B4214C717C645E6F661E21B0568E06
9FC4F25A0642D5C40BE797AB05731C8559AE872B49BBC011E8E2942BCCFCDE5D
9FEA23A30FF4A8039BC2682DCEC2CD0F59EF35892B80067442DCAB7F9705C836
A025101C960C9301E0E96D0E9F05EF64DB6945EC758210EF361448B2A802E827
A0376050669393AE0C131EB1354F38547B69038473E69AD5420B9832DDACF38B
A06D87586EE72CFB0BCCE48CD8706835D4475ECA86B8A9B119C606A2646AE387
A08DEBEABEC6045F851BE6BD085BA75E70928AA92B2AE0D4B4B0A8BD1E9C1B8E
A0F48173961EA5F1148B7ECB0DC6C841D8428318B61346A45A4087ADB9CC8F64
A0FCA03573AC11084033B28D032D9ED646E3C857FB6EAFBCAE28E02B2CF96B46
A1056105D47F3407886326393FC10679FB9A9F471ECD24A869EBBDB5F4FBE3B2
A1CC03A2E7E06F386C0CE39B6F00B6FB3627F46F6CBC248C1DF18FAEF8C5B683
A1D28B130D0CD3A15A322C56F0CC59BDBE8FC02B72D9217D63F69D9CBE0A7C8A
A1EE262679B56482440BA18C66C43CD8501168844EC9A9AB39C60ED5045761BC
A25CDDBB3509D9B4805A75F06D9E03B38B1EA975858641CBC33CFBA2A463BAC1
A264A7863E525E7AB156FA986327BB16BF7D388DF6D70C323A28C2AA726BE1FF
A296EF9F5D1411D2F974DDE171BB238ACA9AEE20CC79512E61794BB202DE7681
A2AD825DEE80AAFFF0B9B094CE9A1B5CCFCA6076CB2D0CE960834C64E0E7961A
A2CBDC72BB461BACA039F8DEE87779ECFE61919E84E4247DCFA934E74221C0DB
A2F4EF9AA9F5D43EB7272A8F88FF3BBFD757673A258F90F21044E76053733044
A38F87A88020052B40DC904A67E8154DD9D932D00CEFBF85BC8855D858DF665B
A3F1291AD6A79128B2A5467AE809D7CEBD22EB843CADEAA28085DD015EFE339D
A3F6D0B70F2795D0B283A406682AF83484A375D24432376476D04D2E074F5F2C
A45C8ADA1A31B8D30F285637DF36D8BB01D48CC2A0027BD2C97211B06ED87FF1
A46D8D495A4F9480D7BF4CF28D97E89A5FF2747A15E5C110134517547911F7FC
A4AA9EC0EDE698DA57CEB2CF6EF008543419C3E893E0C09DB7C3BA1F4DF0EA60
A4CA5286FC1848BF2C07424080565825275BD137C77FADD954E074B6511DFC03
A4E56F7D7989E64DF898D4D46C04F77618044D7CE06F426853725C90C1957179
A50BFE33F5863C1BF66DB958708C0A9ACBC1A73BA957CD28EC500A71209CA5A4
A51C890AC7C20FF354ADE8F1F129EDE940EC90D9AA6FC184A2DDB95D58BA5F5C
A5A831B7E3B63BD6E5218F649D87CA85E9BCC4E563DD9AA56E0154334425E8FF
A5C9DC1535C8591FDA2E513F7BD7FF1F62433E768C12F309E6C46F9316EDF0C8
A66740E264832EA6BF9D563103F95F487760B9457CD2132160EE5869277A8327
A668164E0DAD63FA2B90FAF24B9AABFA0FFD3AD941882CA871350600A618D107
A688E3FF9DDBB0782F492DC27D68C81C17C74092B133D4291A751C9328E6A558
A6A10A231B36B70A2C84EB4E06B780CAF2F91E1A67A567AD8D104206F416B586
A6F6120EC4309F7C4658F6B51ECE0E6D5A4B36E08D7F2EA4B8E4789015E9F340
A6FADBD250FFB13304B7447FA97796D9703E373412A8008E8D21F93DDC90A89B
A75E321CF9C6756049DC5888C03958A14310D5D59F6EF60F1A0A128BA933FCF1
A889FE3AB9491FDCF09C48DB4A638566E708836A403FC8240A9A7103122B3342
A8C9A8C320F342EC5D221F6C799605BDC20E2A94211E10C1DAD14F58059EB60E
A8DEC6F734A951362B54944C60CD4B7ECDA7DEEC342D4133C89080D0A09E15F5
A92310C98AC187C3109445DF37AA7257A0DB9BD6867E3D159CB42CB2EDF397F4
A925193D25B9CA1C6BA9D6D7F1957F1D360D93ACE8F1C92DBE91D5731A4E32E2
A94DD68A62D02FFAA6F826CDBEA92A12C940C0A70A10F14F7B4D838AE8A27C64
A978FF8FC7FE1E5BC3FB489EBF6528ACD4CDF7D62FDE487D2EF5780C989583A2
A9F9F11E92A34F0C380373D97EE47C413C0D6F095085F58E6D46A569079ECEE4
AAAAD1BF0D447DBCFA687B65D3B88D31C88FC78AE982A315E2CFD735A8CE8BA0
AB2A99C731A052E4418C8DAE34E277795FA327CB9E2A6F159805238A4A9B3A17
ABA166F485E5B653A1D4AA987AA9FB48C3A1855BCA4C722A27707C91344F75EC
AC0CA3EF267469B2A39ADB459DCFB1F48ED49AAAD5A72FA18D15181549B98CEC
AC1FBD79981909511B1D22D73501A36308A009A78DA0A2C959B30994C3DA0753
AC679EC4FEFEEBF46D158C3C107BC79AE27174F2ED01F7F4B60EE3749C03191B
AC7FF9987ABDE7F900A86876B9F3E27ECEDE56E025F140D64442C9EF2147AABE
AC89B6B4C365A8CD87DD27C604F381BA88A8D5338B71E4A07C728E264AB5DB14
ACAD954C06FE6E95BC84ECF94A82593ABD940EC52EADF90BF506141AF229C3BF
ACB59BFBA994B5A4857FAE92FAAC5AE0B2779F9E5BB0A9ABBF450F3EEB40D673
AD453A8B5967384B348B7C6F87D8FDA4E887AC3D319F9735B05A0C195D7369A8
AD5BFD12C93C4027C439B08148F78D7C7DB1762D4EE0A6D7E608B295224894B7
AD8E9CEE44696C70B0EC5C941066FF6B2C08F35559A834E1DBEFB80E07B700F3
AE89730DFE24D308EE1FE463EE665C3972901AE56601E053ACC5B1A4F390E593
AEB81687AF482EFD569786B47877B62AEE8245FD40C562341CCED553135E3226
AECBDF34E635E8D449E63D4F0548F6E43BBFBBD0C1D629D3D9A53519B58D733A
AFD306867CF82DF5FA58169304C47C4EA586E5E7E1E0ED63D6A1008C65BA630E
AFD5837DD11DEDB7BC42898EE382792B2BD2A01C9B83A8F1B8163A330060E988
B024351036777EAE8FB51896F778267E53655CE28B702757398E31267B6063A2
B026DA89BD3EAF093059D71CF4FC757AB98A9AFA81CA48DE9F8382E63AFA76F5
B02CF81083B3B1BC3D895EBD22478C10B8701F741108C8D292042CC045CA3CE0
B0689EABB8115931569FF377AAAAAE87A96BC3AA6D659DBACC405C839BE8BDC0
B073817EEF6C2D6EAF8321471CE74A05AF822AB3E1295D4D702D6450A950E950
B093891598D25C09D0317F556E35215786E8ECB8A80CA010A31CFBFA3B238A05
B0F3ED0E6F99F7135C726B6E611295E76128A387D25DBD6364004401564D3018
B116718D1B1A245052AA76A67CE09B6737A08631AA4A0EBDD9904104C32A005E
B1574034EF660F9CE7F8EF0FB5E4AE39A69365987CE83D86EF27ACDCB6A85CDC
B1BA957D17D9C3E3DAC0FD9D62B673967C6C18F9FEFC31A8C4F280FB0683B71F
B1F2C8563342207429197FCD265C433B4CE774D2BB10CEEAB352AEF255EBFC78
B21B955D336DB36FDFB973860CACE326F9064DBE032EACE2D5B6AB423E2878C0
B30286BE5294A70D4643EC781B8F92D0F20E76CFC24FADED52A993893550DFD5
B321EA0861FE9880660CC31361C2786DED1E8D18ED872DC50ED0759918D07412
B416B9F28CF32EF0EA4627B6098BA5548FBA238CFCCDF9EF07EADCBE93A990D4
B462F8643D44D297480BF5A8259C67AB5D0A33708AD78DA97C263792D682D434
B466CA47599A95AF7BA6B63E1279559B829B3D45D6B183170ABF011160E27C7F
B49ACF8BE92F07E90E82298B1409FFAAEED4A34D80881076F8CB74F918DD34C9
B510C32C8217FB9C60B322A96A6CEF9FEA00AF986E9F2837B09A6D724F031046
B549E12D6251161CA88B43E036A5B74BBFAEB3A15E2E002504C00B48EB3A8420
B58EB7332CCE5D556D99D5FE1172341CC056CC57B598FA68591E2BD072522E4F
B622B1F1A84FAFC26424D552A884D724DED7D1D3AA2B7C3481A8E8F4EF5BB823
B6446E82EA2A3F8774E31D254B12C550615670D2A6CADBE9CA45A948BE5E70B0
B655DD8D2174824635D2B25C05771483E729E37E83F5CC61509827B0BC8C86AC
B6B199A0AE7B250CBCEB70E2A21CD3D208825EE9B00E8EEB58AA9BA721B56607
B6D2E03BD2E24468FEF2EC8418416574F6D002CD1A252270910474C2F1DC2B8B
B6E487D57606C76F8D077C23E6978F4D7406E59E7126D4910A2BADC60F0977E2
B6EB27363FFD415C975F009F882E1903B33BF62F82771CB7856A42A3FBDC916D
B714CDB73D95B1D8746A3DD667A782881991C8401B82DDA3DC839567C1E10E46
B77161B91B9A1C7C15035F9EBE729368D44D57C7E556688FBF63B3CCEF3C1578
B7E9AF190C2EB6C7B9E5D7A177ECFF3ECB51370545694EEC07061E4A6C23BABC
B86FA2BD839197D77E37615E35D8200426D28F2239306EEABC97890BB4A8FC56
B8C714C3A87183FA56C0ACC4D3A7316C3B78C84DBC9927E3E07D80541DA66857
B8D49D435952533963888C919C8D29280B52B2C4B09CFDD7E2BCC664E291227C
B8E3EBDB1C2385CDC810B9D131526F108139AD5A168C24E2F7C1CB70D6BDC6BD
B9056A6007E943DA6C729CB279CF13D9132778D5DBBB4A88EFF40451A9085E5F
B93AF7FA51B111C0228894D67D9A8B26F8C59EE7BC23772A43621ABE2614464F
BB03C5D01D9C4043FCF3A785EEB7A11D2AF45272F8E51A7706EA9840CFF17BA4
BB51A440752F5B5953228FEDC6FC9732BD394C8096E6A1BA3340AC40D8FA9B0F
BBA0CD890236F13D9D8B77257085958BAA68D69C00DB825844AEC69CF3C303E6
BC15C9CE62DA8D74C5404FDF9B2B75552065C55C4A13F3A8A1668F0C8A3A75FD
BC7B8B3C5808FCA4720E586B77897B5EE36CC6675AFD2F345DA8514D4DBACCBE
BCB292AF7886DF6725B546293C7C1D917FFFA76B46F5F81D5621E7BC49189C62
BCCAEF08A232F9B81E7AAC73C4BA33F01A7BE8D1D0211838E7CB067A98685A92
BD3898D6A57F89E3945B3D67F001C6E4A5F2B84A7B115859C50063DCF40A8CD4
BD42F3049CAE0F9294B6FF00A0738CFEF39FFA6E7AA2373572CB96845D1FD271
BDB1A84F3AB736BBA3C68434681AE4ADDEBA4E4624193C76A5A69D3075C81C7C
BDCB09F68A070FAFBBA0B9968D10ECE05D406AE95CFC304702E5D702D80D2E0C
BE41FF4D89D005D94A2A74A700C19CAFCCEABA902CB05FEA75A9AF713B903177
BED0DFC4DD0E605B3ED4D9D9494DE39FE25CBAD26F34123E567AF501761DEC51
BEED8FAFB5AAD457E52698A4318BD241EC12B2221B1BED539AABEF9FCFB706ED
BF3916C61171FBE6B3BF62DAE382754FF83C65D974182BDD2F01DAD768523D9A
BF588A146A67E748842878FE3D960F22F4809051948896F56C138FBCFB0182DC
BFB87BA7C0D429DA48D9D4A4C4F6845EC9650A07B1B1C5BE9DDD31547FA80256
C00470353B45D2FFADCA96F65621982DAF374D307D37A74AE80B3AC083B60E64
C0394C6B820D051917F0869305C9CA6D33191B0DA9F1B75BBE9BA5C46FE71B9A
C0871EACDEC2132075BED14AE7866C570C24FB1F77F1674BBEC9BC96F474FEBF
C0FB15C033CE4D9C67B84B5B94E92B4C3932E0FDCC2B3842A18A274F036BE890
C17E6FBFCDCB6B80A5FB5D47E36F48EBB2AC08C96A25A8ED5EEE81CC0FE0FFC1
C187587DA0C244E2F639C1C5EC4B72A15D74B8E5A3FBE12660A349602A803C4F
C1E03E22C7B6CF4058FCCBB9E1579B3B297AB0CEA32238828B6F552E83DBA4DD
C22A311243CF628555E333B58E7349B8DA58A9B5163CB5CFE69C21EE9D63868B
C2C7D3B79187166DC4D82CB80398374AFF8CA43E64E1FBEEF691D157BB6566CA
C2FA22768BCD3D8CAE877B835DC9D073F4D640DF12C3BC36DABED13E4A0C680B
C30B6C00D28147F857063300042B7CE1BEDFD19297F74F37F8ED6A86259EFF26
C315BF3E4F456909368135813182EE8B816361CB9A94EED97913D5603BF54147
C359D8D20777EB910E23D06F80D91238BBCC98794FF28255E09FCB77D13A64CA
C3DA03D0E8F97EBCBC6461C534819F3DA90260ED6AD959B98A0886896DA1B1F5
C3DF73C5461841F9936A764428534F2CEA463FB2DFF5311E7B24EE2DA2AEAEAF
C405DDE7931729EC0172E6D71729F4B322A8D4E26755FECFAAF2955D26D26381
C4088096313366A3F2B3FCB47C3A4036F59214515A213CDC3951AEA8CD23BBE6
C51FBB7757F3FF819C7BB74DDE68C7C2B143D32F4BCBD526083D0B7F9D1FCEB3
C531D196086B4F255E1EA35220C31C58C548E8527AE790A036D92AC39C65BBF3
C68BDFB0564BBB300DF29FC62A603749B284E7A8B7900952651515499376C48B
C6E93B311DD7F789C7F79D9BE0BE95974B798AA4EC1EFFA5E482052222BED4C0
C7032C5D280A092A753F3B6AA2E7A1175F3FF81A94BFE16E444214A284FB05A7
C70FCD81C07CE5CE0DA977F5F08AA4B8CCB3EC42A53A8AD72F371A807AAD5686
C712E3E5079339E5813EE46B93C8D33EC92A61A81DC8EDA8A0D02A42CDF81A22
C7A4EF6C618EFB03C6DA0FC1260916389D75F7161D65F2912A1769B842B547B3
C7CA186AEC4A93BAE6B442F6A81CE42865366EC041CBE8A372828D6B57B29ACF
C80BDACE6B41083DDF2FAA352A90B1752BBE0B5E9F21E055B1E04CD071A47A8D
C81B57B7C4C23AA8E33F20079724A4A1951005E40BD858440D4B91DAF7C7CC37
C8856C9FABA609749AB16B1B7D9A7C9F2548C6C6F43392842759377DBEB1B54A
C930389419460442AEAF3090AE53BDC83B34D688279C110E8999C7C3860D4473
CA09D4D6257DD5A504FF050A0BB9C31659E31E500EBA62CCCC95CAE7ED9FAEC2
CA247AC82C70EA883011A5F5D9749ACA468DD50B8135D8787A9C7BC2AA247EA6
CA7E258D8E1B67D98DB6F82B5895A93AFA620A8E2BD2F5F50B23140E1B953336
CAC847F78FE42345E3D307FF23C6E0D7BBC03C33BDB2E79335A530E18464326C
CAF593D46BA6FC8255E9A31BFBD7074EAF736D9C5A9378107B3B022445AD0230
CB688C4346D8CF027D509B3D4626781910281D9DB811A06B5ADCBB6478DEF3FD
CB9E113698296F028EA6902D8862EF40B0E775A423FC97DC5CFE09D53023E8F1
CC87CA88C8BEEFB54E7675528E5E416B90D1CF8E467580E4623D1FFF769DEE7A
CCD294F96B8B82942289BAA551444ADCA09AC85B2BD9478B7CBE43C3E1B6A0AB
CCFDF396A62FEDC6A7F8450424877F44FE1646DE182ADC577D922280FF1EF138
CD32439CE21E3A6F546D7B0E738726F9B90F6CCA06561ED43C2B2D5ABCBF0AEA
CD4A89195FD8F10C920136E1802C4AAD9B94D4DA300878F8FDD246EAA805AB6D
CD63E9B7CC85894E62188749175CAA16900307508D41993F5BFB2E9691D5163D
CD8B3C6F36506DE6F49FB4E724AF1E2B72F9835401A188367B9B12D904D4C740
CDCBAF2B7529D1EF6E93C8705EFACC4AE44B5900C7D62DF742B2A2330D320D9C
CDDDC0BAE8CDBF8AFFF3785296DD5D59240B4B5FFC3B39F6EC23B289244C67F3
CDE6CE93CFA4C43C335E13F911F450775E9023FBE2ED5990D859BF1BD0C52EBA
CE3FD419DEBC2E8920D38574B7A79D1B0DB9CEBBC8674DC545D8710894DA07B6
CE818FFC9A153AEBB992DBF693C75CFFD3C6502DC640DC0642807142511AE3CA
CE8D30EE9D28B37740756FB465A89E86F449345EB9D711539C483E724138A2E0
CEA8CB1AA4A9F221B9AC1D64C17195BDF73B0597F0FAF44468FB683017A225D2
CF20E332AC37A094DE1FF978BE90E5623BED747B28173164C1B954AD04ACDF1F
CF8D14C5C94D0629BEBECC735AEFFFC347370EF86F4FAFC63AB80ADBAF883B27
CFF7EB0426B1C162589A5EB6E28264F580E191F9694DB265C457C756C5A6A5B8
D00D6404BFE83F2F9EEAA9EBF19F77998F5ACAA47147376635A3CB84C6AA00B6
D0881AEE7614ADCBFCBA7738A3416D68F7CD1C2A567EBE056F5A976FE02B555E
D0ACED9AF814C71FE7ACA2962C4FAFDE195D3D69E355876973993B09173DE5DB
D0FE4168F70585DA21E493422C99E0018FC595C688AC4D3C31EC8300FB74293C
D12EA943AC77176E2F5999CA1C619543496867E0C0AB3732F0EE53E88E1C815B
D1825C7BAFF3AA72054CAEE477B032DB9E3447EEDE8D0B8063B825CDD1E127E1
D18D61EED12537AF37CD725A4483D5CAA97AD1B0704426C4EF1DB8D67A67B4F0
D1BD9173C30FA74A36CE8B32EBE516644A4BACA953F6C604C1B0CA43AD24A77C
D1CD93D9AC80A86C4A52F26002CC386AED9AFD1281DDEB30030F550A537F9A0C
D20C7E73B323660B8F93EE2BA3256334014016E951996172A7E362B51F971A8C
D2B635A6E051AF8CA8B64448ED3318166C96B314572E48FBF31CC5F0EBC20E82
D32724079578A7EF3D935891726A01C9F08CDC146B90932FBECC9F59DBB81F24
D34D08DE133B64C7B0AF477D75207A5E110CE45ED993D45D500A1C826F771B6D
D40A55B2C641DAF3BF2A6029B2B5BF621CA5FDF41DF9FFF2E518AC68186760A1
D41B9BBABD749EE5E01AB29A231321523DCAF7EB5690050EE0BC2461E320C390
D5010B7A33FFBFE36894D4A03D4EEFD9BAC456A553779DC523218B7284A26408
D5252AA0B61C88F810D0A5243126CC5D57435BD32BC5AA17B61D3DA89B49DF30
D53307ECBB585B894689B4BBEAF463F86EDEA357A0E342F2DA2A0701FA595560
D5489FD388C4731B5FC091CC9CC16E9CE55F3C6050BAE4AF2A87F9EE204A594B
D5886FAEBE42A7E181825DF8B5A08378505FEF57D425076650479E6DD9A181C7
D6C99E194E0DCB69312F0E4FDC22385E8E6CEC4A14E10F7A8AA7053B0D69E7E7
D73B6ECA7D256D6B27B01279F4306FC19834064BBC1B5DF890CCFA3E08F22492
D78E3E57F37925EFEB4F948B42A758D929E1D5EF6F8D4317BAB7C6E77866551B
D7ED3C33009565B4B4C2B60B7BC3409D6B280F894508C51C056DD7D53A981ABF
D7FAD415FBA298E68D49197B1B22B231585355D6F6743CCBBF2723D921390AFE
D81A88C1F0F29FF5F730D7D9276D87512B0FF341BF693D6D3398241843D9DEBC
D87E4468ED1832325F8FACC989DAB48B1123409AC42A0D343EC458AF1FA25DC4
D9A50A3FFFD5FDEF8599B43DFBD73DBD7379ED302DD4B73A7873AC0596DCD7C3
D9AC22BC10E7B2BEB5798C2B78A5C26672468530385E5E0F24E7D6AD6FFE68B6
DA0AE266FE348496B8A96F947D8C196AA83C611488322DAE2111318DB7FCD632
DA4A9693413090309D69ED8CE405747E0363133E857C633FFD73C215C612BA54
DA6EE4A65EEC90D7DB7CC283DEDA450A93B1301E248B71CA96E63C5CDB526089
DA86368A7F94567251D0C197449DD6E8D8AE677BDA990B1B9D4CBD3A1CFE6A26
DA97A52B01451D0D18AB59716FB4E9E9C25CA6B872764CB8493835793523CCF9
DB01876656A05930B818EE993809A946A4544B28E7FE01FACAD1463B0183C2E3
DB954A3A576DEE097A3121146B11BD39D1B0185522F64C26EA3F587827F24AFA
DB9F0CC69F08B4F6456A68F5B1CC91E094182BF98FE8C84D80DBDB8466E11708
DBF9F10336CB4C4C6DF123EF7BE5C5E75BA4A9F2CF8733E8141D7510AEC224C5
DC08ABF02EE8CD5A8290FBB4A87B8401356409CB0FD0422EFD2DAAF32E50AA84
DC495AF52F007543F13E02608935CFE6B875DBE711BFAFEAA8C3B2BFBB02FC7C
DC761A689CE7D3B84374281C7B35898C1BD29FAEB0F1BB50563838B5201E7B49
DCCD8B2F622CD50B978AF52372C31F2E0AE09AB5EC66A0EF890FAF9F05153F84
DD3590D4DBB0C5497E6BD7945ADCB27439B1CA69CA7D1293619199ECF5A80486
DD3F8F4853A6FF8C9B6793470640259A5CCF6E4B9EB95537CF3ED3AFF28FD613
DD6D67A16D23A6139640684BFCC9A0C55BC9B029E4C7855349C63ED9C7212393
DD70D1566897FD0827899ADD34C4B233BEAD47DE0BD4B84BA69B12888C509217
DD9DFD5F83AF303FCCAD582E46A7658D599D2B3C8FF72B72DB5AF5E2FD83135F
DDC8756176ADB89055A5B70801E68270B2153E0A110552719A05B70D35656A8C
DDEBEDCB73CD66A9AA8D1656A197C5CEFE8779F89BD8C51A0E6B0F9AE3E3124D
DDEDEFA464F43198C71564DB3BAB9B5E5B1F13F2401068DAB5C4B9F93F40E475
DED9C5ADBC5B0AEE11E80F38797EA3538A4BAF0B8BD01E0E4645101E9FBD8A14
DF01B8DE0B3E3819D15C070524C39ED5827E8F4F250D40D01F71D1013BBD91C6
DF3C489D063EB456C3E83D077B2C43E6C663D1C6C3232F0BF556A6249372693B
DF5513506A3948C9241C4E46CD2F9785E3561F8B99B3BB7BF93B2BD35F54BF45
DF5FF6F086D7646F1728A0990969EB21740BBCAB3D67769049729183FBA5C3F9
DF7D2AD23C687C3D2C44BBEC103312FF172DBD4462473D94B8FD27FF8B552D5F
DF7E28A476E8899D345C5C9FE8D7A450AD6ECAEF903531BF13600E642240E0C5
E00E735E583C41864C919DA378D0BFE4391767838134C464E1D7560D4E537CBA
E01E4EB1664C689FB952A5FC7BF4E0E7420200380147F01BAD50DAC3C257DB74
E02FEF06A42DE9D19325E8F7ED4D6477945B575ED26926486372F73912CE452F
E0836336CA81D1658164F459E184B32DB12ED9DF7BD218D733B2FEA8DB35B369
E08B2459E9B8B6A6D23BDF0A77C2899F6DC77CCB4199A95B42EB7F90257C1A8B
E0E021BFDD7D1B9F7F834A588BC9554C972373AF9D93AE3609852A03ACA3161D
E0F3A1D897D0F78BB79C9E14E396AA9B70D25D433D91182AF1075F6BF1534796
E11591FBB13808A4EEDEDD4272D223C205F354FB966D6086C65881356DA0F396
E14AC9A5661100FD6F6BC207C5B2CF16974BE776B9198DD4C1D73E0B3CBF39D0
E1522FC200BF76C12F07E81411EB62B74494FDCF25CEC1974E796107C2CA1C6B
E1638E48A4DCC057D55DD664AA84DD92EF383E0E52D15EFC28491CFC18E9E6F2
E1F43DDA22589471D68383F90F54ED876538265F04A65ED330233A6722DDD4D2
E1F794A3288B8A5E5E072E15A78E097E01D07D0FDB9C1D805AC920B3AAAA1A71
E23AF4A2D90A7EF758DA7375DE58FC0C8363778ACEE09157D8243DFBD5439BFA
E28DA31319A9B601477DE7378F245DB92A0678F42207C95CA8668BDA885FD3DD
E2B9FB974A265C3C9FEACBE60096B76714A891E73E3053A6EB97B9D9364081B6
E338A9D4A2080C98CC68C712970117A32EC867D26228C930B742F8E2CF64154F
E35BA59401A0F291C885124D4825F3D04696DB8B64AC5FA4984ED531998F90AA
E3A6F258F4E5AD313007244B40E8ACF8AD82E70DE2B6DAD9CAEF505CE174FF32
E3FC0FB4F2A52E89E61517DDC87F74441C16C21C49AAA7C5B4C559A22332731F
E41841BF873265B7DC82767B31825B5F79FC622F8398BBC46AEF66DDDB7D063A
E468E3A3B0EEB0DBE758910B70F4EB10F8BFC10744B090A0D94E958B8C5F13D9
E4718BCA344E1F2472E20C2E4FCF01DB9986718FDB6C462409018070E3A438D0
E4C5A1BF9DDDED2A48866E6D9DB84DA360A7C73F7DA95B3642AFC5365621C374
E5C874E4FE3EC4712993373C5613D30DF164F9145E88B36CA72724395223DFE8
E5E793C28FE2922460F85E785A113494A876C3B132DA8532F2D32A214D0B5E1B
E5E92F39E7EFCB12446E19087FF730AFC611BC1895F8D1A6175763378E7EF7B1
E61115B512A4697DCAD1456D13A2B2DCE4E073D234DF4C6E314CD3727F85232A
E61498DCEDED690BCB90726735114A64E8AC6EC3AC42EE6253C2A497277B69B9
E6990FD135D5924DB51AC3282B709417C3D992B8FD93D1ACADABD56E17BC3D97
E6E5F7FF88EBA8850CD1518F2CAE3CC762DE12D023262ECEC7C5A2147D51F5B0
E724552468AD248FEDC1F73C629F87ADF5BBD222C9673C0D539F6099075E3741
E7434190AC79C42905702381A47A2EA9FD381A8E30D2AA7DC9F3A2F52BBAAE85
E747147F1297A51D05A03A947061B9732C629245AD0BB35F218104250C99C98E
E7556EF829586B7A6D98B404487B45BF5A2EBA623CA9270F467215507F69020A
E79225221243D7A28F3D22DD9DBE2F864D432231240A7869655EF3CD0647D995
E7D6AC9D1B660E3E0A1656CD67C230DD3B8073CD31E7319A6955D6791EFDBAB8
E82FAD5444A3F822E2E861DA7FC4ECBDBE5C8DF5DFA7038718EFB4F5E8CDFA90
E858E49A18661229ECD5CE8149A2A1F35E683028DE85ADD9A5507D5D0BA5FE14
E8BD08C2D112E51F6938E677C15DB577894734915EDCAD782F0C307F6AF98044
E9B9F38F18A4AF36479E9835EECEBBB463B10F49641F39BC501D9D3650164A2B
EA0C8749E87E2077043DF445B84427B1E2A5F3C4C1A7CFEA5239D7F4A07AE53E
EA9C268206BAEC0C3BE5FB3A1B3BBD2BE42307E1D4A5DE8334EE81144FE7E94C
EA9D07F3E7A40281CDDD39F3B47864D9BD4697FF8FD28B02F337A1ADC45514EB
EAD05DA9B14E1D856B520A8EA22881B23E54CA3B2D959BB740FD4C3AEC929B80
EBEB95B421824481B87B215D966062C62CBDDF0C6E052788F151E6C5BC8004CB
EC50288F45D2DB7306B8EA4497CEF72DE06BD5C70981EFD2EDB9D39FB0870D6A
ECA524B3CAA0664BA96307DADB669AA2988711A0EC63E47DEF2CD7042F0E070C
ED23F363E2BA7DC9FE6BBDAF49D9288A0AE99C02F5F68AD57114D30CCB2780E2
ED2909140F5B53FB40CF0F2AA55E5D04677C17609963A45DCEC549F635F6C162
ED440B72E5F06B819B6CE3D755F9404111C309CD9FECBEDB7CA0B66235C50ADD
ED6A0DF691DE2B98BED2088FA8580CEEE1A22D81D8FADC5F530A6F96FEF1290F
EDE7D008960C8371B532E26B5C556C82B9102D55B73F52026871C9C34069D0B4
EE378097430C101EC5960495300576B12986E4F0B641F0289FB69962F681C988
EE3CC854A62CB3004D1238407DAB6FEF524978A9389232552D2655B2A4BE9F00
EE4E44E7D6B2736FAAF0A19C7DAD1F6603B57B037554212CF23B059308FB6BAC
EE501D46F5DCCA212F3BBB6A59A28A60FFF6A622D42CFE4AB1F87B8D02F25B72
EE5C0668CDFC87620FF81F02AF802AE7FCCC9824D3118E048AEFB19EA4B7D471
EE5D5E5D13E8037332DB1F274D5EBE2A703ED75107FC70AB80567BF6D5E64405
EE992F10DF2FE42C85824564044FFD5539FEC773E39DF5802C1BB7794E28D5B1
EEEC4A63B496F134CF556DB8780F410C029F35753CE60C55ECAC3B09450805AD
EF3D0303D7259A0C69CCABD42D8A52EEB1FEBFF33026D42136C1DDB23C2505F7
EF564C9D784D1B7E4A814863F19971F708259F80249C3F67186157E27716F21D
EFA73D4E8308199CDC0A723A80C1583792107090445CC84BE718C2DA331A9E83
F00AE913EB66D4714DFC339119D8E54F7EFC3C8D7D9A8289A897AC173A0BE367
F043D20C815EDBB91632C9578A52A9E9571BE1D99EEB770482F7447C40A5572D
F0506B50795CE24789CD6E03F5AB09D903DFD48BB555F6C12B02678EA58B0A35
F078078A2C6411A1F1720C2D6072F76F47C210BA1FB7D262A92E9D5C11B7211A
F0BA61D150633CFE3DB4DFD85AC70EE307D54A026567B81DA325AA1FCD334A28
F108C2654F02F2544DAAF06780902D4D733575869A876D45B2474948AC7DD506
F18B71042C984A8A7077116F7F055E55C3001B4722F06D3CB0762FA02F29193F
F19E0DB79943F4129F95F14E63E0990FC7DACA88FBCCB7055421794621680DC6
F1AE3F4FE1B912A227AF89CC8EFA5E441590FCE1D94B343C38FD5C2428D85452
F1D1BA019BDB71CD15E4793F90E8A3F21E0B3D84591A5477D67F0DB39094CE8B
F1DC47A29F214FED09893D59E6AB964C68652F7CF378F8054328A02DDF42CEF2
F1EAA22C15936B1190B91D358D322C7988E450A64BB78FFE0CC5585DA6ACE071
F20B8C195DA16213310A7FF1B6F40E877F00509470048979EEE8D69114B1C920
F236BA74F3180A9D586DE0934447B6637C62F2B19885BC799A7BD2921ABF3A06
F29B23AE065C3319C3D1DD109DD8091C9853CBB490FB8517CBBFC390CA4EDAFD
F2A7C52A0A7A86CCB63DA09819F5968DE0CFC35DF7E11D1AF93E8BB86C605188
F2DEE38761F211D98C66ED492B83BEA50C91F03BF6445D51E128D81FE589EC0A
F2F2C1282335DF383D4DAE31257A21B8E3EAEEDDC47B89115E01BD7BFE92E15E
F332D762CE847CD4040F492F0880467926DDD4C5B54B8C474AD258F0716C320C
F3393FC7C285756B7FDD5C63A645762DE8EEF9FB85A392B254D559E2ABE930F3
F3EB136EEBD83978A220288B1AF57A9B0D414925B39E496CBE00F0C7E959C3C7
F483B9CF72ECE1F5C61E381CE7D361C5C90AB6C0E35F28B559623C67CC33C986
F4B6B6AF59A44E175CB0B0718812CDD75FEB8C44DFB5665534BD82393B29130A
F4C18A294AD1B17E8991BB9603335A13A52A350542936A5AB4EBF85E5171A129
F4C6EB837B7217B4FDC38B3D64A416F5EEC3113A7110E20FDBCDDF8096EE3087
F510E52E110CAD9D3B901C3554318FA12A965E93A45618EF8397015856123A65
F51DF00D6A1CDFE7BE871830AE0F780C068C35E3FB873C6B90E8B5CB38077E74
F52FE318A4D45EA8EFFEAC999204CA10001FE021F5FA9A31B7CEB1675B0A37FA
F579FFBCEBA968547A3B1E7F7708E1147D67B6BEF7F6FAD265BE8A517EBB3D27
F5B3704979F8824C7AB21BB9A653F8E6D3D071F31E400DBD526BEFA7B4EF437C
F5D4DB9FD8FAFB5428D45EAE253EAE2FBBC3DB028DAC5E4840521CC8E89E3079
F607015E5A25293D16223AAB96780B0C4CD3546EC0C7E9B05452C51C861C7B95
F620C20AE7BC2B3BD710575933CF80E3BDFA2FD6B3C38B276A52AB1ABF4CB69C
F63A057CC0288EF274DC66E2B8D05CBC8DD76DE0DF58439A31413BFE52B77083
F65CE745C922E44F2B476AE49211D5959F6EC7DA7722A98A64ACF333338F5E3E
F679C090DB1AD3A022577460EDB31117F9B1358FAD8DAD3F20D9F107F40E5013
F690AEB120A0C5769126668FA5C82C3BB555400437280C18E5151260D7A22492
F71AEB779BCC35B16E28D26B4EAB983E10EDBE418DB5585142B2FC945B92511A
F72AE84A36389F4CAFA6AC805B6376024FC5B25D4D8825F34280E7504152E9FC
F7A3A7D02ECD424B737326C7F14202B1F3C1492EAFF26FD53C5F3C076C456057
F80FB571BB9EE7E8ADE8F16B71828330625862034A645FF94763A9012ECE427C
F815BB941A49EC0AAE92E6BFF5A81443F00556550ED2B791C460788409D37C93
F86D6552AA36140DA1F015B4C04BB4B3F559B704A2131177030EE02995CEDDBD
F8B502EA54BD057D336D4F522E70A792B133D3A3D0F14878E29DE425F31127E4
F90A648078424F635DF96145512C1020602E5BB14AD27C5E223BFBD9F19C2016
F91940CC3FA99044B71C5595BA2EFB04F843BF436D59B2D1308F87B3A81297BB
F92FD754C89AD83634CA9F677E8522F11B89524068F244824114AFB923AEBD9B
F9A0ABC859C24FA9D02CF9972D3305EACB08142F5CC532A7799F1F06EB360CC0
F9C4E5BBAADCEC42D3E290E40C236F46D9C7223E26C93CD958CA21B5FFF4F756
F9E4D7805EB85A9AA6897663A0255824D867385D92A0AE745DA27F6A8A3945A3
F9E8BDD07C2497DEACEE81377074D2B0866B5C9AD95DEE166063F1509BD4E217
FA2858F26928634DE25911F068C901973DE4C21721C965423A1003C502654454
FA2E292528EFF689A5665870B5B90686C743A82F4EB72B84B1787E9CEBC3FB9A
FA461B90C5C4A9609F3E1686BF2B140B7C8099CE25C887DF76D38A102A57A4B4
FA4DFF5C38426FC44F3E8E61441DC0EBF94991A14B42EE6A850AB7BA41EE62E3
FA4E5AE2CCC5B09814A16C560172CDA2E248C27874B1F6259BB2E9C22B70AFE4
FAD0F4E53E70115AC35039530C4BD38A465E3A68806FDE22484421ADEBE57A64
FAFC54241156C4402FD215B177D4A2A173BCCB2EFE71513D1E32B01E50A5EA27
FB1590748C8511EEE985A21224669FE6DEAE6F945B36CE93B7843306A14A38AB
FB1EE66AD78F3A0332FD4039CF8FD01D427E099703AE713842D9E0DD5F1D66DD
FB4BE937705CD5243AC192D5CA1265AD9084DEE7CB5EFBA5C20022E4DFAA459E
FB8BEF2CFD072AFEF1055281FFF36589214E9B4FF3CCDDAC73B7A464E4164794
FB917235957304E60E02B6EA2959CC7FD55C183B028BC21DB8F48D46EAA4C68C
FC162758409D5EB3AFE864CD3873982390AC345C00493830BBEFBD51BF2E2250
FC7C0A8741ABA4E3CC0181AC1D34CA1C47A2714CC655C69E7365A1F856F8B7BB
FCF931EAFA5DEAB96F0E42320862E21F10C82032A6AC4E00903BE529B8655559
FD0EA916475B18619A9162CCB2DD0C724D1B16A28ECCA0E468C3DC2C30E630B3
FD5EFDF34300172FC5571A77C84FC5680609D2849DC40755D2B4A7E162592B09
FD62AAFA4A585EEC21638C965B0313FF9F36606E8193E210728B6C7288B7ABB3
FD980AC65ADA0B31DED2DB15EC05EEF00CEFC2D4360ABA398746006A44B05F17
FDBFE5D953A5269177A3CB6864422823B9A69EC64057024E32914D5990039B5C
FDDF597F5F3333CD83F96F70458F29C21853A72AABF0D9523B31E11DEF4DB699
FDE70DDC1555AEFBB0A2DDC876AF7CA3F7D09D686D5F13B5F117DDC446305462
FE1E0A0981DB18D39E968C3F29271979FE46A9FB6E54F922D30B37036BAD7B65
FE7537703F37466CE40E2E78762E935C9E9D1D412ABD6A6FACA58FC62F367C48
FEFCF7B4459636B0B7BDD44CE8E2FB9A0869550CF48BC6BFB1D212766F543E23
FF23455E8C88CCC0C4A456A4449BA21E44ECA07D4EDEE518A198139BC1134C71
FF3A1DB0F4EED79F1E14D5951BC5B34F6FF2E7D8021ACB47DDD782AC0B1CAE7A
FF456167274F2CBE9AB845C458D7DF1B398BBF51C5447315D4A3671B95A16CC5
FFB666FCE200DBB84FCB1AAA9925DF8E4EB8513A6B8A85A81CC1C3E4B756597B
