278.842
94.6362
20.024
174.81
78.6753
34.5784
17.6827
48.3086
64.778
94.2532
100.864
70.2924
82.1223
91.6983
60.1027
38.1318
44.376
44.8894
38.2382
138.201
55.8724
128.635
118.179
11.1239
22.3199
12.7858
95.6744
55.3061
88.4149
78.4702
72.1383
11.354
52.5012
40.338
83.0356
49.9008
12.4508
66.7981
74.0398
9.35562
34.1121
35.8966
142.073
123.986
26.4515
14.9671
39.8559
28.6272
53.241
70.1722
2.03373
99.3927
6.91676
82.5209
88.7904
23.4076
195.272
80.7671
73.0213
22.4341
98.3083
95.4763
41.5747
14.7114
1.79609
11.7432
75.4484
3.53645
24.3216
27.34
74.2191
38.1686
0.287909
83.2622
11.1173
126
21.915
10.3191
101.091
67.4849
116.667
148.944
64.7174
28.5836
103.885
84.8557
55.6285
166.361
64.6191
93.7401
91.9156
0.304105
4.39535
25.0083
145.745
51.4673
91.8957
25.0533
174.097
9.07658
10.6813
41.6405
12.2212
72.4318
52.5012
138.625
0.885445
89.3211
1.13795
81.2138
27.2919
103.572
34.6565
60.6275
28.735
62.0548
6.79286
49.946
493.878
60.7443
8.79934
34.7976
22.6171
99.2048
0.557046
49.0992
26.9312
102.758
59.8588
37.9098
64.0574
31.3571
28.7009
48.8411
66.5519
95.7795
103.681
121.052
79.4755
76.2486
108.782
40.0308
94.2205
117.624
32.054
620.383
43.1891
98.5073
65.1173
30.8018
99.9033
67.7796
53.1485
57.6315
19.5258
0.418743
49.8058
62.184
108.863
110.965
9.58885
7.62796
35.0392
55.6808
102.357
66.1059
57.5717
13.4547
141.562
15.4391
100.714
22.6212
101.724
6.80932
26.15
162.133
94.5086
48.1494
87.3573
168.533
21.317
38.0387
7.72167
37.4069
28.5027
43.3137
73.9702
28.4475
27.214
101.335
1785.35
74.9574
101.746
14.3773
14.2326
70.0127
88.3525
86.6282
15.1951
5.03444
41.4129
77.1722
58.3506
47.0552
33.4792
14.8984
60.7147
2.27767
2.10912
99.5164
33.2403
10.4506
64.5548
102.818
102.614
43.9561
14.8913
43.8028
92.1324
50.4169
71.5435
22.6254
102.628
104.234
84.0711
38.8047
25.2818
107.39
37.9787
0.041223
27.9172
108.668
30.1729
72.4154
73.3328
83.4213
87.0591
102.276
38.8984
106.337
24.6643
0.885445
36.6633
147.337
167.047
96.8353
5.28944
351.937
49.3242
45.9274
48.2781
12.7102
99.8789
57.2324
122.499
70.7153
100.983
36.2267
43.9582
39.3778
81.7979
38.8635
65.1597
57.4802
52.4688
52.8056
68.9985
30.5164
10.0394
38.7143
9.31868
41.078
56.7592
60.7642
148.464
6.67683
70.1401
23.4106
34.7606
99.917
99.8834
44.6221
102.818
99.0985
92.5858
103.253
25.741
13.4159
43.4931
100.743
81.1866
62.5837
17.3527
11.0802
60.7064
35.8337
56.6906
85.829
63.8572
60.7525
96.0961
41.9267
102.594
32.0991
10.0394
102.886
22.7813
88.5584
65.6223
132.696
5.31816
245.522
67.7322
74.427
104.425
54.0061
62.8468
41.3914
35.6385
10.4506
65.3686
102.125
78.8103
34.4208
105.574
99.5108
69.0595
50.5644
38.9849
41.171
25.4356
23.8677
103.543
3.46092
79.092
2.01606
28.6094
40.6862
262.722
57.5823
131.171
24.0785
2.02554
18.5068
74.7333
150.25
104.274
33.4725
54.4527
33.4614
36.7596
74.5924
217.859
56.8347
0.436199
33.3108
11.1143
54.2751
7.68899
4.37254
8.20947
77.8849
13.5538
2.50426
0.683927
38.3706
27.9009
45.5273
54.094
39.266
52.696
87.3573
49.0542
39.6036
92.0485
32.4948
57.8059
490.456
88.7937
55.3679
84.7361
47.9979
81.1961
101.312
1.54995
142.046
46.7471
100.671
117.643
8.24036
1638.96
61.5186
22.6377
70.9514
75.5633
52.4462
173.93
102.062
77.5921
68.1945
86.1022
0.283225
101.095
99.5491
10.8615
58.9456
55.5787
36.8409
42.6751
38.7715
18.3585
121.639
33.321
22.0888
2.02554
78.1714
50.2741
30.177
98.6247
131.266
0.730604
66.7095
33.5592
0.705779
310.272
54.0196
67.8032
167.427
71.1245
70.9321
103.111
23.358
33.7811
37.9749
61.4351
90.6604
92.1698
65.9679
81.516
77.4513
154.997
124.095
47.052
38.8088
66.5565
99.7381
1.1544
70.4557
77.5378
89.4989
10.7995
86.3262
51.4919
4.72169
32.6948
98.1877
97.6901
3.76685
27.1125
4.8058
146.508
71.8929
64.2981
102.58
118.74
186.609
47.7625
23.8122
48.7355
68.9568
101.456
72.229
48.2067
11.3084
33.6569
32.4327
82.4403
1.09343
113.262
55.7226
174.583
0.436906
28.03
84.9749
18.528
57.6567
36.1185
82.1607
22.0883
9.43746
12.4548
37.7876
69.7968
143.018
121.316
24.0007
47.4127
38.5021
13.2878
52.0177
99.1882
24.0669
242.469
81.5481
49.1138
56.9192
25.1264
34.2635
87.3951
49.329
63.9881
38.3461
59.9128
49.0209
98.0832
24.5005
35.4922
14.9036
85.1471
59.5975
60.6028
54.3829
71.9051
39.7403
24.7584
38.428
95.7359
93.8535
8.42102
24.284
79.9794
11.0992
69.3729
43.934
9.49544
101.337
54.6209
67.9228
90.0494
151.201
64.4471
142.89
46.0131
8.14305
41.1829
32.4982
46.4118
99.6203
74.9574
71.8805
14.2788
54.287
22.6212
95.3615
57.8677
24.1257
46.7546
67.8695
100.212
103.119
36.352
60.8832
102.257
100.098
32.091
25.0882
55.6577
83.616
125.411
11.9296
29.9256
99.5271
49.3499
58.3053
23.8163
10.6526
123.965
101.745
12.1756
11.0638
327.601
77.6057
49.6846
134.903
20.7997
79.3518
18.5661
25.2008
59.6801
122.516
55.3031
43.2933
32.6334
15.4855
44.4429
108.697
52.0177
87.0796
95.74
5.28949
16.462
10.4037
65.6547
65.943
9.75685
65.9097
98.4767
91.5307
118.663
27.8762
2.10901
151.472
75.5734
67.8857
67.1095
93.5878
24.3296
69.5793
110.565
37.0314
106.067
9.31049
59.9128
17.2854
54.8064
96.5565
13.2674
105.074
97.9314
26.5504
0.447697
68.9967
91.5606
20.6523
42.9055
94.286
48.0711
61.5963
44.5484
88.8411
34.0919
95.9738
43.4551
97.3091
41.6405
61.0925
3.59877
44.7024
63.9104
100.899
73.3984
81.1194
38.5309
114.671
44.3812
9.32695
37.3831
31.95
51.0249
38.3581
47.232
227.806
62.3294
27.1657
22.405
74.1956
43.9571
257.371
62.2107
27.8845
80.9259
114.262
114.523
51.4716
99.9884
102.398
72.3455
23.8164
53.8892
42.3655
100.682
104.234
49.6887
25.4971
60.7812
58.8603
32.4409
63.8257
71.9176
49.3912
186.624
14.7765
162.822
92.1902
0.67816
38.3127
92.1682
43.1285
0.024675
99.8056
67.7406
43.36
0.386563
60.3694
15.6265
69.6126
102.556
93.7806
21.4641
71.2483
76.9133
11.2443
114.771
32.4532
20.527
24.853
134.081
50.5186
9.42926
101.088
102.762
4.60004
84.1242
22.0203
38.3087
37.977
29.5412
51.3933
1.04754
162.822
37.3021
101.558
14.882
67.4349
92.0821
67.9938
25.5183
32.0154
118.626
71.9909
41.078
0.687433
54.8595
61.0391
126.116
38.0594
39.6036
38.4809
83.3389
24.1082
62.622
59.0615
72.069
79.1853
22.7372
34.8627
68.9316
267.56
54.2878
67.9081
68.0913
65.3826
101.772
93.198
38.0763
34.9156
122.789
30.9455
15.4381
81.4341
28.1015
55.5727
101.288
27.3315
77.8974
148.471
7.29715
104.012
102.894
10.6526
32.4868
56.2615
58.3695
48.0908
105.286
13.1823
55.221
102.581
24.3252
35.444
99.482
69.3237
11.1306
33.8544
99.6883
26.6651
100.805
42.3442
15.4422
96.7588
91.1393
55.5157
106.819
10.147
77.5897
40.5756
41.0848
102.151
83.9148
32.703
23.8547
73.378
86.0584
24.8474
83.0259
26.2672
45.5394
36.9345
27.6568
2.40048
104.434
60.9925
44.9412
38.366
195.219
54.5647
12.1864
69.2948
99.7278
33.002
6.79312
81.1412
101.091
55.2884
11.0681
9.40883
84.4179
87.587
110.579
34.5557
21.3739
93.5375
146.574
40.293
11.1197
49.1097
22.172
24.2669
10.908
64.8015
58.0501
101.334
69.7606
73.3739
222.618
103.914
48.2095
93.4544
60.895
0.599606
7.29715
75.0168
38.2802
23.5254
77.5092
53.505
204.191
40.5101
43.3926
49.8439
12.3758
432.608
37.7213
103.333
60.0343
58.3645
94.7833
32.4982
52.4257
42.3751
37.7191
61.0086
73.3329
26.3703
89.6477
37.0047
7.24092
104.996
9.33096
67.1051
30.3151
67.7636
96.7602
28.2869
31.9541
59.2071
72.6728
32.4232
106.107
68.1608
55.5558
54.0296
64.6273
186.101
64.402
46.1143
2.2735
74.6358
191.779
54.6844
142.017
67.466
12.2881
91.7757
24.0949
28.3214
84.876
23.8286
81.3763
58.8912
83.9553
55.2045
46.033
85.9848
104.111
74.9737
105.964
31.4597
67.9832
9.77753
93.8507
78.0387
83.1801
8.4287
9.30639
40.0406
24.2505
43.9548
14.9962
21.1014
60.4963
26.7592
58.213
14.406
34.3452
91.2819
36.3273
72.3002
101.373
147.627
193.933
99.9232
61.1458
12.2253
69.1073
5.9863
57.6004
48.174
60.5301
99.5616
91.7429
93.7605
61.4124
71.4548
58.4014
35.6314
88.6917
95.3574
58.7947
89.2716
88.264
65.6161
21.9444
83.3051
26.091
29.7811
81.7304
11.0762
58.0756
83.413
73.4137
86.7396
9.37602
7.66067
79.6067
64.6478
36.7803
96.5773
102.778
0.885381
99.0893
117.634
38.4322
15.9778
5.12943
29.4503
87.3614
34.8042
96.9249
40.6903
71.1368
28.4015
24.0628
307.155
99.063
99.7857
55.5891
12.8733
41.857
82.0764
30.5337
39.9072
86.7396
68.9173
103.518
80.8336
103.525
42.0917
105.072
2.32444
0.401255
66.7613
65.5559
101.095
99.9247
63.9085
52.8632
31.8106
70.164
93.1721
23.8481
1.24908
99.4832
16.4702
40.338
48.2008
81.2155
21.0051
94.709
97.686
32.0277
1.04377
2.02554
38.325
65.1597
50.7796
91.6244
102.743
46.352
38.954
95.8827
102.818
35.2647
38.1813
3.38288
119.88
46.7645
37.9215
1.04377
85.5949
59.9005
60.9718
35.369
32.0154
67.7566
73.3876
71.8299
34.718
36.1094
26.9253
52.072
103.151
41.6405
9.42124
101.148
94.4651
117.647
51.7314
13.3286
29.4352
60.2433
131.791
93.9196
62.2802
68.7771
9.89275
76.9664
9.20377
49.0256
54.8266
74.5159
28.1988
59.7366
99.8028
48.2007
148.703
62.6366
54.511
6.14462
211.912
103.282
122.171
28.2589
100.739
9.28581
41.3342
93.6665
81.0652
30.9293
58.1109
27.3867
21.4451
428.565
84.8566
17.5719
41.5872
12.475
86.5389
62.6366
82.11
52.5263
52.5953
120.874
27.0256
1.24908
62.7552
32.4327
20.7302
43.3805
53.2583
6.92495
87.9746
178.841
40.6326
32.5148
43.4267
96.5495
17.8794
105.542
34.3976
28.0434
36.4056
85.829
17.8841
45.7826
71.6831
2.02905
98.3835
92.212
69.5789
176.826
104.079
98.9436
84.2953
80.218
48.2108
21.9448
40.8387
10.3709
76.9664
88.9487
106.606
21.7673
118.659
98.6471
56.3471
21.5885
39.659
61.381
40.0406
118.464
88.9907
27.9923
18.7569
30.7449
42.3213
25.3299
72.4448
99.9634
37.3831
60.7525
21.7968
100.178
83.9553
55.8917
27.3187
46.8602
38.1816
235.201
68.9057
26.272
10.6603
21.3164
99.233
40.7431
103.261
38.2267
102.41
80.6969
11.3112
42.5791
74.7853
19.5955
13.2877
38.1854
27.4967
21.8729
49.0974
0.642348
90.9316
78.7613
85.3082
56.2811
19.1859
41.4027
62.3294
60.3313
32.1248
119.601
94.2368
44.443
52.4257
89.2063
94.6076
28.4388
59.8637
70.1073
94.2532
12.2048
88.3909
51.5079
74.859
4.32085
92.2457
46.6884
74.9614
58.5054
83.1553
73.5413
13.8938
44.0367
44.6221
184.542
101.764
46.0355
102.636
15.2783
57.5717
45.8933
78.6753
41.8362
62.4864
26.0955
19.6485
41.181
90.1378
20.1734
108.737
44.8013
43.9543
26.1675
72.1792
25.978
99.6702
38.1857
21.7162
81.1112
18.5376
121.963
41.0269
99.8531
19.6651
2.02963
94.5431
71.5032
67.9081
34.9037
40.6821
84.3929
24.9117
32.6274
94.5209
95.8705
18.4076
81.1881
23.3845
32.703
30.4414
47.7767
135.569
10.2484
129.984
37.3021
70.4588
97.4161
87.1029
88.9018
33.9375
71.739
40.293
9.41715
21.8426
63.039
80.0286
22.6171
16.0933
64.7174
118.455
108.836
489.608
48.469
77.9626
72.0485
59.052
58.0243
101.316
100.714
69.0647
39.6881
33.2244
99.9079
68.2656
330.679
33.3704
101.867
59.5832
56.7957
12.7634
159.857
9.87637
33.5952
31.0202
55.9539
30.1123
59.0907
28.7503
103.011
96.565
77.7451
2.34034
58.9157
100.864
52.4298
86.6753
104.481
66.7449
7.66067
22.0403
101.091
62.3294
55.2949
52.4503
88.9907
38.2186
489.657
40.5294
98.9337
91.8629
9.35152
69.3839
1.65742
101.453
278.748
63.9104
68.0385
41.6405
118.638
89.3733
9.37626
40.463
58.2741
30.7494
49.6641
38.3826
97.4284
65.0208
246.081
31.7159
21.3978
101.091
0.152083
64.402
86.1906
83.3051
41.3594
0.523517
16.9834
10.4368
88.6076
85.7063
72.1341
72.0073
33.7884
2.02963
86.9638
13.4228
33.176
54.653
80.5387
40.3913
82.7714
0.455803
13.7803
38.3087
126.696
17.1763
151.343
32.973
80.5161
38.3839
32.2167
86.0775
0.234462
1.13795
69.2988
83.2733
0.041257
37.176
49.3201
0.630001
84.4107
1.1544
70.703
7.60327
46.9687
75.5107
24.2956
100.534
39.6511
99.9129
55.5076
67.6104
53.4796
55.1016
41.8587
43.1682
54.0654
24.2792
37.6592
51.5353
60.2569
101.345
76.9664
64.2604
88.9907
100.596
64.8968
21.1806
146.507
114.303
55.7468
9.67902
61.3767
36.8323
1.95963
9.22438
14.8985
9.30639
58.204
59.8637
77.3113
76.2269
102.058
38.4317
16.2346
17.4535
54.9946
43.9568
114.532
48.1781
8.05239
49.3201
56.1693
48.7293
43.6118
38.9275
53.7229
186.543
28.627
42.4552
132.688
24.9821
47.5444
62.6386
99.8538
91.7276
36.8491
42.874
14.8913
77.0211
45.1499
53.9056
94.286
32.0154
83.0464
55.7869
40.3872
73.9099
7.29739
11.0921
11.1173
30.9738
75.341
24.9533
151.335
99.3892
7.47549
115.086
38.8497
174.559
15.0694
43.5016
120.762
65.6321
130.031
63.7783
174.542
74.7637
27.7535
15.5324
101.091
125.982
60.6275
59.9087
61.5832
46.0652
53.473
59.3892
24.9822
37.8025
78.826
58.8361
29.1622
36.8286
26.743
77.4144
58.0332
70.971
0.14798
42.9577
26.8796
70.5536
28.603
21.9195
102.89
58.62
49.138
81.1412
52.8413
108.072
67.4998
93.7155
129.168
9.49071
103.169
79.836
49.8559
5.57618
81.1837
34.4102
51.626
28.4347
108.937
59.6559
12.7716
44.2897
21.2072
42.7401
87.528
103.914
39.7661
44.1613
60.9718
46.9683
7.63596
81.1412
99.7987
98.9335
88.9419
2.33624
204.234
0.196707
88.7182
68.8423
65.7476
73.3984
65.6238
94.2286
98.2908
92.9266
37.7565
89.083
83.3092
92.3348
206.104
43.9561
82.1292
32.2744
64.9338
37.1074
36.1118
91.4811
87.3505
61.0515
0.681164
67.1095
54.8146
27.9827
38.012
104.98
9.66349
70.9269
33.949
8.17679
61.1026
15.7946
79.9011
53.2499
126.945
60.1961
63.8026
25.6225
103.321
13.7298
87.9747
76.3974
60.9903
49.2217
99.0658
90.934
42.3924
23.8205
74.9574
9.48363
84.7021
41.9405
66.5114
38.4121
0.692546
27.6305
101.817
59.8637
6.92495
78.9608
61.3066
11.1019
59.6403
36.3983
74.9614
47.5434
63.1045
48.7478
118.661
64.5504
32.6086
88.7182
88.159
19.5995
93.8092
9.97171
174.706
48.2269
77.7205
41.5872
2.34034
73.9126
81.1347
11.6033
98.3835
2.45812
158.547
54.8371
115.156
56.8279
66.1059
13.848
51.7011
24.818
40.6862
11.1295
104.221
58.7412
4.31675
2.0423
114.655
21.5288
8.12034
83.6217
46.672
76.904
99.4193
96.2638
5.31816
167.318
22.4339
71.6592
50.5827
57.4655
38.2382
32.4327
52.3247
48.5632
5.58752
29.699
1.63027
57.8717
51.9078
36.7226
37.7255
23.1152
43.185
85.9848
59.9605
69.9372
63.8572
17.4902
41.6066
39.4246
69.3114
84.9542
47.955
81.7795
9.32268
100.057
24.359
54.0818
94.5221
71.574
58.9631
59.8556
69.9344
0.239133
164.416
99.367
5.90321
53.3153
205.586
27.7834
65.3826
140.047
71.5293
100.864
42.1776
44.115
74.9346
161.939
41.6065
88.7532
125.446
113.105
74.5691
24.1945
116.576
7.98614
99.9334
54.028
115.901
74.2919
23.8245
3.53648
42.5558
40.3829
30.9219
36.6025
22.7527
50.3502
85.8029
106.382
59.8637
37.5732
66.3691
79.9835
0.280463
100.942
77.752
106.366
105.814
85.2855
102.385
59.7452
55.7242
67.2364
48.6838
14.1258
91.3884
50.165
44.6346
58.3645
146.832
157.536
90.6822
60.773
33.9762
112.528
103.2
87.3953
66.7326
47.5524
3.43772
147.688
62.3942
13.6966
27.1621
3.50777
55.2045
64.402
188.44
53.1805
23.8041
82.7827
12.549
23.8246
0.64288
55.3262
126.776
95.2118
95.1853
101.091
86.7396
147.86
43.8317
15.6019
81.0083
63.9063
14.8913
101.295
78.9287
83.1607
59.8126
9.27772
28.1548
9.13738
78.7453
14.569
25.674
8.32556
36.3515
64.4512
103.2
82.2999
169.573
39.6553
25.5674
12.7857
84.5099
24.0089
0.493798
76.9092
0.455788
92.3804
20.3363
14.522
42.5616
22.6171
27.6755
30.3598
74.7671
37.2481
6.8758
26.9149
13.7449
71.495
24.0908
54.489
7.22796
32.1114
53.5019
23.8286
15.1075
215.776
62.4421
9.38512
67.923
40.3255
72.3126
73.9784
66.7613
40.338
8.80421
47.5444
83.13
4.72587
47.0614
13.5579
86.0816
37.9854
96.1166
70.6116
39.4439
44.9496
13.0542
147.376
102.862
74.9737
38.5063
74.1997
71.7332
22.117
133.58
44.4461
66.4888
37.5396
53.0991
33.142
2.88387
63.8438
81.2085
93.8875
49.8784
101.64
91.6698
38.4475
70.3367
2.35703
25.1702
8.15179
186.56
102.59
22.6171
30.7736
69.5888
43.8374
99.9777
64.0054
24.9533
92.0269
25.1692
85.6651
99.2009
25.8458
61.089
35.6998
111.018
62.2802
32.6334
37.8752
44.1029
146.391
38.9234
99.2493
44.3801
6.94576
9.35144
13.4547
8.28552
27.3146
0.287909
36.8077
101.121
38.3046
52.4298
85.3069
101.304
74.9469
2.50439
47.0497
45.8607
32.5146
7.98205
22.7147
78.1714
55.904
49.9645
48.092
10.5482
92.35
9.35554
102.775
104.484
61.5401
43.2932
9.40878
43.9577
37.8995
99.873
64.4512
39.7617
31.0233
104.631
15.2334
23.6491
44.6262
89.1872
47.6167
93.8051
62.6386
3.39355
62.8852
85.7392
11.066
42.6255
95.2899
0.517033
103.334
66.021
24.0826
85.1835
75.1793
52.4257
19.2845
