25
13
134
40
49
136
5
29
96
25
25
422
287
72
62
33
624
147
216
41
166
130
168
335
57
82
489
39
242
49
121
92
71
6401
197
5
496
40
57
21
54
34
449
41
29
21
52
40
457
49
958
212
321
189
31
607
2259
1
561
9
71
199
448
38
11
80
21
18
59
35
213
7
39
51
45
34
15
82
182
176
4
25
169
11
96
466
873
110
421
41
76
112
152
9
8
39
256
32
276
18
57
256
67
59
486
28
463
8
50
181
68
81
15
2
182
180
15
382
51
484
12
64
72
20
194
198
50
22
213
92
117
373
41
298
198
49
233
9
84
56
46
76
62
112
42
39
27
85
4
38
102
599
51
7
31
37
23
1
0
59
211
32
385
24
103
25
37
107
36
746
197
6
62
195
206
212
36
1
622
25
52
73
27
67
212
113
106
190
288
68
29
154
6
155
102
48
25
156
61
34
558
508
47
511
1778
30
251
240
235
215
95
83
4
524
42
83
34
183
167
220
73
79
505
5
123
110
65
145
130
31
14
77
11
442
75
35
86
520
65
13
23
26
127
60
1430
10
464
89
577
31
57
68
29
17
92
19
21
33
414
40
2605
59
147
688
16
201
27
76
99
456
100
26
108
20
52
40
81
475
57
30
35
9
55
212
430
13
23
724
42
34
329
82
185
70
9
282
66
22
14
94
164
64
15
266
393
17
563
94
72
33
160
196
46
27
20
78
25
362
21
50
82
395
408
67
47
35
52
141
21
37
351
4
10
243
409
90
516
122
30
135
11
73
12
15
102
62
72
148
453
430
54
1097
53
52
2984
383
376
13
451
49
8
32
121
107
740
18
71
57
242
162
21
82
16
10
337
165
421
47
224
402
1
24
19
12
102
70
31
168
64
82
65
27
191
81
28
503
111
28
97
488
218
37
190
85
425
60
123
109
28
93
55
1
556
82
491
168
9
2
28
33
44
293
92
87
12
28
42
54
1464
30
74
464
518
80
77
113
10
151
426
86
5
48
281
0
45
50
1139
46
34
1225
76
35
436
20
127
93
42
19
349
99
139
397
344
76
95
57
71
24
126
14
77
151
113
22
0
31
87
46
61
27
96
467
148
247
28
74
28
23
10
1198
150
85
460
197
22
25
5
389
97
497
808
644
19
238
5
10
29
6
9
190
171
46
18
14
295
945
59
121
340
208
32
576
91
48
135
32
9
161
50
177
44
24
39
166
394
5
355
175
361
11
41
52
51
25
197
289
7
15
9
41
9
410
18
0
29
11
82
8
127
40
195
28
118
33
121
459
441
18
217
56
56
27
42
396
55
63
162
310
78
67
208
512
131
50
1
8
493
74
76
67
533
116
295
47
36
295
38
126
61
74
30
344
45
1193
25
133
70
30
223
836
7
78
61
17
11
2
22
117
59
378
51
80
382
132
32
629
188
21
22
223
382
195
27
44
1152
6
16
51
2
61
25
32
220
237
186
178
0
562
13
115
6
293
65
1
25
10
141
18
31
53
22
58
107
60
23
68
95
62
180
45
1191
180
13
115
61
63
112
65
526
67
36
104
79
55
1
12
43
42
30
63
197
25
35
98
102
52
993
116
84
35
402
680
34
227
14
142
586
54
15
135
24
116
326
12
26
9
9
2
169
123
164
10
51
31
20
186
135
33
233
55
23
892
116
216
146
69
29
19
11
286
58
73
93
129
21
7
7
200
98
299
63
471
79
276
6
217
198
153
435
41
1079
5
29
83
412
85
53
45
26
53
80
8
349
1556
11
61
409
112
389
32
2902
426
54
69
65
123
275
197
80
204
424
10
17
19
143
43
16
76
7
25
90
30
74
11
45
365
31
47
119
200
104
56
23
498
31
309
88
13
28
39
106
67
257
969
59
248
63
15
14
7
401
5
118
45
477
22
87
323
116
64
16
61
30
1553
97
29
36
42
19
76
71
424
305
110
12
386
258
18
139
21
33
95
165
291
58
35
479
131
221
86
20
27
588
14
96
102
240
3
587
33
156
489
15
84
104
65
20
83
209
301
34
566
61
195
72
52
199
69
225
162
76
19
630
114
456
781
864
97
306
6
44
17
18
992
735
13
111
610
12
86
185
36
47
94
44
197
190
122
486
85
49
10
25
1236
18
516
527
2
53
121
38
21
129
419
9
40
821
107
296
34
12
39
45
997
39
7
24
18
